Start testing: Dec 08 14:17 CET
----------------------------------------------------------
1/1 Testing: SimpleTest
1/1 Test: SimpleTest
Command: "/home/iut45/Etudiants/o22306517/Bureau/BUT3/Prog3D/canevasTD4/BUILD/td"
Directory: /home/iut45/Etudiants/o22306517/Bureau/BUT3/Prog3D/canevasTD4/BUILD
"SimpleTest" start time: Dec 08 14:17 CET
Output:
----------------------------------------------------------
<end of output>
Test time =  46.60 sec
----------------------------------------------------------
Test Passed.
"SimpleTest" end time: Dec 08 14:18 CET
"SimpleTest" time elapsed: 00:00:46
----------------------------------------------------------

End testing: Dec 08 14:18 CET
