Start testing: Dec 09 10:37 CET
----------------------------------------------------------
1/1 Testing: SimpleTest
1/1 Test: SimpleTest
Command: "/home/iut45/Etudiants/o22306517/Bureau/BUT3/Prog3D/canevasTD5/b/td"
Directory: /home/iut45/Etudiants/o22306517/Bureau/BUT3/Prog3D/canevasTD5/b
"SimpleTest" start time: Dec 09 10:37 CET
Output:
----------------------------------------------------------
1782380.00359496
<end of output>
Test time =  10.10 sec
----------------------------------------------------------
Test Passed.
"SimpleTest" end time: Dec 09 10:37 CET
"SimpleTest" time elapsed: 00:00:10
----------------------------------------------------------

End testing: Dec 09 10:37 CET
