Start testing: Jan 16 17:23 CET
----------------------------------------------------------
1/1 Testing: SimpleTest
1/1 Test: SimpleTest
Command: "/home/iut45/Etudiants/o22306517/Bureau/BUT3/Prog3D/canevasTD6/b/td"
Directory: /home/iut45/Etudiants/o22306517/Bureau/BUT3/Prog3D/canevasTD6/b
"SimpleTest" start time: Jan 16 17:23 CET
Output:
----------------------------------------------------------
3952
10237
10237
8100
<end of output>
Test time =  57.74 sec
----------------------------------------------------------
Test Passed.
"SimpleTest" end time: Jan 16 17:24 CET
"SimpleTest" time elapsed: 00:00:57
----------------------------------------------------------

End testing: Jan 16 17:24 CET
