Start testing: Jan 16 13:33 CET
----------------------------------------------------------
1/1 Testing: SimpleTest
1/1 Test: SimpleTest
Command: "/home/iut45/Etudiants/o22306517/Bureau/BUT3/Prog3D/canevasTD6/b/td"
Directory: /home/iut45/Etudiants/o22306517/Bureau/BUT3/Prog3D/canevasTD6/b
"SimpleTest" start time: Jan 16 13:33 CET
Output:
----------------------------------------------------------
39520.00447504102370.049077310237inf81006.42372GL_INVALID_OPERATION - /home/iut45/Etudiants/o22306517/Bureau/BUT3/Prog3D/canevasTD6/td6.cpp:103
GL_INVALID_OPERATION - /home/iut45/Etudiants/o22306517/Bureau/BUT3/Prog3D/canevasTD6/td6.cpp:103
GL_INVALID_OPERATION - /home/iut45/Etudiants/o22306517/Bureau/BUT3/Prog3D/canevasTD6/td6.cpp:103
GL_INVALID_OPERATION - /home/iut45/Etudiants/o22306517/Bureau/BUT3/Prog3D/canevasTD6/td6.cpp:103
GL_INVALID_OPERATION - /home/iut45/Etudiants/o22306517/Bureau/BUT3/Prog3D/canevasTD6/td6.cpp:103
GL_INVALID_OPERATION - /home/iut45/Etudiants/o22306517/Bureau/BUT3/Prog3D/canevasTD6/td6.cpp:103
GL_INVALID_OPERATION - /home/iut45/Etudiants/o22306517/Bureau/BUT3/Prog3D/canevasTD6/td6.cpp:103
GL_INVALID_OPERATION - /home/iut45/Etudiants/o22306517/Bureau/BUT3/Prog3D/canevasTD6/td6.cpp:103
GL_INVALID_OPERATION - /home/iut45/Etudiants/o22306517/Bureau/BUT3/Prog3D/canevasTD6/td6.cpp:103
GL_INVALID_OPERATION - /home/iut45/Etudiants/o22306517/Bureau/BUT3/Prog3D/canevasTD6/td6.cpp:103
GL_INVALID_OPERATION - /home/iut45/Etudiants/o22306517/Bureau/BUT3/Prog3D/canevasTD6/td6.cpp:103
GL_INVALID_OPERATION - /home/iut45/Etudiants/o22306517/Bureau/BUT3/Prog3D/canevasTD6/td6.cpp:103
GL_INVALID_OPERATION - /home/iut45/Etudiants/o22306517/Bureau/BUT3/Prog3D/canevasTD6/td6.cpp:103
GL_INVALID_OPERATION - /home/iut45/Etudiants/o22306517/Bureau/BUT3/Prog3D/canevasTD6/td6.cpp:103
GL_INVALID_OPERATION - /home/iut45/Etudiants/o22306517/Bureau/BUT3/Prog3D/canevasTD6/td6.cpp:103
GL_INVALID_OPERATION - /home/iut45/Etudiants/o22306517/Bureau/BUT3/Prog3D/canevasTD6/td6.cpp:103
GL_INVALID_OPERATION - /home/iut45/Etudiants/o22306517/Bureau/BUT3/Prog3D/canevasTD6/td6.cpp:103
GL_INVALID_OPERATION - /home/iut45/Etudiants/o22306517/Bureau/BUT3/Prog3D/canevasTD6/td6.cpp:103
GL_INVALID_OPERATION - /home/iut45/Etudiants/o22306517/Bureau/BUT3/Prog3D/canevasTD6/td6.cpp:103
GL_INVALID_OPERATION - /home/iut45/Etudiants/o22306517/Bureau/BUT3/Prog3D/canevasTD6/td6.cpp:103
GL_INVALID_OPERATION - /home/iut45/Etudiants/o22306517/Bureau/BUT3/Prog3D/canevasTD6/td6.cpp:103
GL_INVALID_OPERATION - /home/iut45/Etudiants/o22306517/Bureau/BUT3/Prog3D/canevasTD6/td6.cpp:103
GL_INVALID_OPERATION - /home/iut45/Etudiants/o22306517/Bureau/BUT3/Prog3D/canevasTD6/td6.cpp:103
GL_INVALID_OPERATION - /home/iut45/Etudiants/o22306517/Bureau/BUT3/Prog3D/canevasTD6/td6.cpp:103
GL_INVALID_OPERATION - /home/iut45/Etudiants/o22306517/Bureau/BUT3/Prog3D/canevasTD6/td6.cpp:103
GL_INVALID_OPERATION - /home/iut45/Etudiants/o22306517/Bureau/BUT3/Prog3D/canevasTD6/td6.cpp:103
GL_INVALID_OPERATION - /home/iut45/Etudiants/o22306517/Bureau/BUT3/Prog3D/canevasTD6/td6.cpp:103
GL_INVALID_OPERATION - /home/iut45/Etudiants/o22306517/Bureau/BUT3/Prog3D/canevasTD6/td6.cpp:103
GL_INVALID_OPERATION - /home/iut45/Etudiants/o22306517/Bureau/BUT3/Prog3D/canevasTD6/td6.cpp:103
GL_INVALID_OPERATION - /home/iut45/Etudiants/o22306517/Bureau/BUT3/Prog3D/canevasTD6/td6.cpp:103
GL_INVALID_OPERATION - /home/iut45/Etudiants/o22306517/Bureau/BUT3/Prog3D/canevasTD6/td6.cpp:103
GL_INVALID_OPERATION - /home/iut45/Etudiants/o22306517/Bureau/BUT3/Prog3D/canevasTD6/td6.cpp:103
GL_INVALID_OPERATION - /home/iut45/Etudiants/o22306517/Bureau/BUT3/Prog3D/canevasTD6/td6.cpp:103
GL_INVALID_OPERATION - /home/iut45/Etudiants/o22306517/Bureau/BUT3/Prog3D/canevasTD6/td6.cpp:103
GL_INVALID_OPERATION - /home/iut45/Etudiants/o22306517/Bureau/BUT3/Prog3D/canevasTD6/td6.cpp:103
GL_INVALID_OPERATION - /home/iut45/Etudiants/o22306517/Bureau/BUT3/Prog3D/canevasTD6/td6.cpp:103
GL_INVALID_OPERATION - /home/iut45/Etudiants/o22306517/Bureau/BUT3/Prog3D/canevasTD6/td6.cpp:103
GL_INVALID_OPERATION - /home/iut45/Etudiants/o22306517/Bureau/BUT3/Prog3D/canevasTD6/td6.cpp:103
GL_INVALID_OPERATION - /home/iut45/Etudiants/o22306517/Bureau/BUT3/Prog3D/canevasTD6/td6.cpp:103
GL_INVALID_OPERATION - /home/iut45/Etudiants/o22306517/Bureau/BUT3/Prog3D/canevasTD6/td6.cpp:103
GL_INVALID_OPERATION - /home/iut45/Etudiants/o22306517/Bureau/BUT3/Prog3D/canevasTD6/td6.cpp:103
GL_INVALID_OPERATION - /home/iut45/Etudiants/o22306517/Bureau/BUT3/Prog3D/canevasTD6/td6.cpp:103
GL_INVALID_OPERATION - /home/iut45/Etudiants/o22306517/Bureau/BUT3/Prog3D/canevasTD6/td6.cpp:103
GL_INVALID_OPERATION - /home/iut45/Etudiants/o22306517/Bureau/BUT3/Prog3D/canevasTD6/td6.cpp:103
GL_INVALID_OPERATION - /home/iut45/Etudiants/o22306517/Bureau/BUT3/Prog3D/canevasTD6/td6.cpp:103
GL_INVALID_OPERATION - /home/iut45/Etudiants/o22306517/Bureau/BUT3/Prog3D/canevasTD6/td6.cpp:103
GL_INVALID_OPERATION - /home/iut45/Etudiants/o22306517/Bureau/BUT3/Prog3D/canevasTD6/td6.cpp:103
GL_INVALID_OPERATION - /home/iut45/Etudiants/o22306517/Bureau/BUT3/Prog3D/canevasTD6/td6.cpp:103
GL_INVALID_OPERATION - /home/iut45/Etudiants/o22306517/Bureau/BUT3/Prog3D/canevasTD6/td6.cpp:103
GL_INVALID_OPERATION - /home/iut45/Etudiants/o22306517/Bureau/BUT3/Prog3D/canevasTD6/td6.cpp:103
GL_INVALID_OPERATION - /home/iut45/Etudiants/o22306517/Bureau/BUT3/Prog3D/canevasTD6/td6.cpp:103
GL_INVALID_OPERATION - /home/iut45/Etudiants/o22306517/Bureau/BUT3/Prog3D/canevasTD6/td6.cpp:103
GL_INVALID_OPERATION - /home/iut45/Etudiants/o22306517/Bureau/BUT3/Prog3D/canevasTD6/td6.cpp:103
GL_INVALID_OPERATION - /home/iut45/Etudiants/o22306517/Bureau/BUT3/Prog3D/canevasTD6/td6.cpp:103
GL_INVALID_OPERATION - /home/iut45/Etudiants/o22306517/Bureau/BUT3/Prog3D/canevasTD6/td6.cpp:103
GL_INVALID_OPERATION - /home/iut45/Etudiants/o22306517/Bureau/BUT3/Prog3D/canevasTD6/td6.cpp:103
GL_INVALID_OPERATION - /home/iut45/Etudiants/o22306517/Bureau/BUT3/Prog3D/canevasTD6/td6.cpp:103
GL_INVALID_OPERATION - /home/iut45/Etudiants/o22306517/Bureau/BUT3/Prog3D/canevasTD6/td6.cpp:103
GL_INVALID_OPERATION - /home/iut45/Etudiants/o22306517/Bureau/BUT3/Prog3D/canevasTD6/td6.cpp:103
GL_INVALID_OPERATION - /home/iut45/Etudiants/o22306517/Bureau/BUT3/Prog3D/canevasTD6/td6.cpp:103
GL_INVALID_OPERATION - /home/iut45/Etudiants/o22306517/Bureau/BUT3/Prog3D/canevasTD6/td6.cpp:103
GL_INVALID_OPERATION - /home/iut45/Etudiants/o22306517/Bureau/BUT3/Prog3D/canevasTD6/td6.cpp:103
GL_INVALID_OPERATION - /home/iut45/Etudiants/o22306517/Bureau/BUT3/Prog3D/canevasTD6/td6.cpp:103
GL_INVALID_OPERATION - /home/iut45/Etudiants/o22306517/Bureau/BUT3/Prog3D/canevasTD6/td6.cpp:103
GL_INVALID_OPERATION - /home/iut45/Etudiants/o22306517/Bureau/BUT3/Prog3D/canevasTD6/td6.cpp:103
GL_INVALID_OPERATION - /home/iut45/Etudiants/o22306517/Bureau/BUT3/Prog3D/canevasTD6/td6.cpp:103
GL_INVALID_OPERATION - /home/iut45/Etudiants/o22306517/Bureau/BUT3/Prog3D/canevasTD6/td6.cpp:103
GL_INVALID_OPERATION - /home/iut45/Etudiants/o22306517/Bureau/BUT3/Prog3D/canevasTD6/td6.cpp:103
GL_INVALID_OPERATION - /home/iut45/Etudiants/o22306517/Bureau/BUT3/Prog3D/canevasTD6/td6.cpp:103
GL_INVALID_OPERATION - /home/iut45/Etudiants/o22306517/Bureau/BUT3/Prog3D/canevasTD6/td6.cpp:103
GL_INVALID_OPERATION - /home/iut45/Etudiants/o22306517/Bureau/BUT3/Prog3D/canevasTD6/td6.cpp:103
GL_INVALID_OPERATION - /home/iut45/Etudiants/o22306517/Bureau/BUT3/Prog3D/canevasTD6/td6.cpp:103
GL_INVALID_OPERATION - /home/iut45/Etudiants/o22306517/Bureau/BUT3/Prog3D/canevasTD6/td6.cpp:103
GL_INVALID_OPERATION - /home/iut45/Etudiants/o22306517/Bureau/BUT3/Prog3D/canevasTD6/td6.cpp:103
GL_INVALID_OPERATION - /home/iut45/Etudiants/o22306517/Bureau/BUT3/Prog3D/canevasTD6/td6.cpp:103
GL_INVALID_OPERATION - /home/iut45/Etudiants/o22306517/Bureau/BUT3/Prog3D/canevasTD6/td6.cpp:103
GL_INVALID_OPERATION - /home/iut45/Etudiants/o22306517/Bureau/BUT3/Prog3D/canevasTD6/td6.cpp:103
GL_INVALID_OPERATION - /home/iut45/Etudiants/o22306517/Bureau/BUT3/Prog3D/canevasTD6/td6.cpp:103
GL_INVALID_OPERATION - /home/iut45/Etudiants/o22306517/Bureau/BUT3/Prog3D/canevasTD6/td6.cpp:103
GL_INVALID_OPERATION - /home/iut45/Etudiants/o22306517/Bureau/BUT3/Prog3D/canevasTD6/td6.cpp:103
GL_INVALID_OPERATION - /home/iut45/Etudiants/o22306517/Bureau/BUT3/Prog3D/canevasTD6/td6.cpp:103
GL_INVALID_OPERATION - /home/iut45/Etudiants/o22306517/Bureau/BUT3/Prog3D/canevasTD6/td6.cpp:103
GL_INVALID_OPERATION - /home/iut45/Etudiants/o22306517/Bureau/BUT3/Prog3D/canevasTD6/td6.cpp:103
GL_INVALID_OPERATION - /home/iut45/Etudiants/o22306517/Bureau/BUT3/Prog3D/canevasTD6/td6.cpp:103
GL_INVALID_OPERATION - /home/iut45/Etudiants/o22306517/Bureau/BUT3/Prog3D/canevasTD6/td6.cpp:103
GL_INVALID_OPERATION - /home/iut45/Etudiants/o22306517/Bureau/BUT3/Prog3D/canevasTD6/td6.cpp:103
GL_INVALID_OPERATION - /home/iut45/Etudiants/o22306517/Bureau/BUT3/Prog3D/canevasTD6/td6.cpp:103
GL_INVALID_OPERATION - /home/iut45/Etudiants/o22306517/Bureau/BUT3/Prog3D/canevasTD6/td6.cpp:103
GL_INVALID_OPERATION - /home/iut45/Etudiants/o22306517/Bureau/BUT3/Prog3D/canevasTD6/td6.cpp:103
GL_INVALID_OPERATION - /home/iut45/Etudiants/o22306517/Bureau/BUT3/Prog3D/canevasTD6/td6.cpp:103
GL_INVALID_OPERATION - /home/iut45/Etudiants/o22306517/Bureau/BUT3/Prog3D/canevasTD6/td6.cpp:103
GL_INVALID_OPERATION - /home/iut45/Etudiants/o22306517/Bureau/BUT3/Prog3D/canevasTD6/td6.cpp:103
GL_INVALID_OPERATION - /home/iut45/Etudiants/o22306517/Bureau/BUT3/Prog3D/canevasTD6/td6.cpp:103
GL_INVALID_OPERATION - /home/iut45/Etudiants/o22306517/Bureau/BUT3/Prog3D/canevasTD6/td6.cpp:103
GL_INVALID_OPERATION - /home/iut45/Etudiants/o22306517/Bureau/BUT3/Prog3D/canevasTD6/td6.cpp:103
GL_INVALID_OPERATION - /home/iut45/Etudiants/o22306517/Bureau/BUT3/Prog3D/canevasTD6/td6.cpp:103
GL_INVALID_OPERATION - /home/iut45/Etudiants/o22306517/Bureau/BUT3/Prog3D/canevasTD6/td6.cpp:103
GL_INVALID_OPERATION - /home/iut45/Etudiants/o22306517/Bureau/BUT3/Prog3D/canevasTD6/td6.cpp:103
GL_INVALID_OPERATION - /home/iut45/Etudiants/o22306517/Bureau/BUT3/Prog3D/canevasTD6/td6.cpp:103
GL_INVALID_OPERATION - /home/iut45/Etudiants/o22306517/Bureau/BUT3/Prog3D/canevasTD6/td6.cpp:103
GL_INVALID_OPERATION - /home/iut45/Etudiants/o22306517/Bureau/BUT3/Prog3D/canevasTD6/td6.cpp:103
GL_INVALID_OPERATION - /home/iut45/Etudiants/o22306517/Bureau/BUT3/Prog3D/canevasTD6/td6.cpp:103
GL_INVALID_OPERATION - /home/iut45/Etudiants/o22306517/Bureau/BUT3/Prog3D/canevasTD6/td6.cpp:103
GL_INVALID_OPERATION - /home/iut45/Etudiants/o22306517/Bureau/BUT3/Prog3D/canevasTD6/td6.cpp:103
GL_INVALID_OPERATION - /home/iut45/Etudiants/o22306517/Bureau/BUT3/Prog3D/canevasTD6/td6.cpp:103
GL_INVALID_OPERATION - /home/iut45/Etudiants/o22306517/Bureau/BUT3/Prog3D/canevasTD6/td6.cpp:103
GL_INVALID_OPERATION - /home/iut45/Etudiants/o22306517/Bureau/BUT3/Prog3D/canevasTD6/td6.cpp:103
GL_INVALID_OPERATION - /home/iut45/Etudiants/o22306517/Bureau/BUT3/Prog3D/canevasTD6/td6.cpp:103
GL_INVALID_OPERATION - /home/iut45/Etudiants/o22306517/Bureau/BUT3/Prog3D/canevasTD6/td6.cpp:103
GL_INVALID_OPERATION - /home/iut45/Etudiants/o22306517/Bureau/BUT3/Prog3D/canevasTD6/td6.cpp:103
GL_INVALID_OPERATION - /home/iut45/Etudiants/o22306517/Bureau/BUT3/Prog3D/canevasTD6/td6.cpp:103
GL_INVALID_OPERATION - /home/iut45/Etudiants/o22306517/Bureau/BUT3/Prog3D/canevasTD6/td6.cpp:103
GL_INVALID_OPERATION - /home/iut45/Etudiants/o22306517/Bureau/BUT3/Prog3D/canevasTD6/td6.cpp:103
GL_INVALID_OPERATION - /home/iut45/Etudiants/o22306517/Bureau/BUT3/Prog3D/canevasTD6/td6.cpp:103
GL_INVALID_OPERATION - /home/iut45/Etudiants/o22306517/Bureau/BUT3/Prog3D/canevasTD6/td6.cpp:103
GL_INVALID_OPERATION - /home/iut45/Etudiants/o22306517/Bureau/BUT3/Prog3D/canevasTD6/td6.cpp:103
GL_INVALID_OPERATION - /home/iut45/Etudiants/o22306517/Bureau/BUT3/Prog3D/canevasTD6/td6.cpp:103
GL_INVALID_OPERATION - /home/iut45/Etudiants/o22306517/Bureau/BUT3/Prog3D/canevasTD6/td6.cpp:103
GL_INVALID_OPERATION - /home/iut45/Etudiants/o22306517/Bureau/BUT3/Prog3D/canevasTD6/td6.cpp:103
GL_INVALID_OPERATION - /home/iut45/Etudiants/o22306517/Bureau/BUT3/Prog3D/canevasTD6/td6.cpp:103
GL_INVALID_OPERATION - /home/iut45/Etudiants/o22306517/Bureau/BUT3/Prog3D/canevasTD6/td6.cpp:103
GL_INVALID_OPERATION - /home/iut45/Etudiants/o22306517/Bureau/BUT3/Prog3D/canevasTD6/td6.cpp:103
GL_INVALID_OPERATION - /home/iut45/Etudiants/o22306517/Bureau/BUT3/Prog3D/canevasTD6/td6.cpp:103
GL_INVALID_OPERATION - /home/iut45/Etudiants/o22306517/Bureau/BUT3/Prog3D/canevasTD6/td6.cpp:103
GL_INVALID_OPERATION - /home/iut45/Etudiants/o22306517/Bureau/BUT3/Prog3D/canevasTD6/td6.cpp:103
GL_INVALID_OPERATION - /home/iut45/Etudiants/o22306517/Bureau/BUT3/Prog3D/canevasTD6/td6.cpp:103
GL_INVALID_OPERATION - /home/iut45/Etudiants/o22306517/Bureau/BUT3/Prog3D/canevasTD6/td6.cpp:103
GL_INVALID_OPERATION - /home/iut45/Etudiants/o22306517/Bureau/BUT3/Prog3D/canevasTD6/td6.cpp:103
GL_INVALID_OPERATION - /home/iut45/Etudiants/o22306517/Bureau/BUT3/Prog3D/canevasTD6/td6.cpp:103
GL_INVALID_OPERATION - /home/iut45/Etudiants/o22306517/Bureau/BUT3/Prog3D/canevasTD6/td6.cpp:103
GL_INVALID_OPERATION - /home/iut45/Etudiants/o22306517/Bureau/BUT3/Prog3D/canevasTD6/td6.cpp:103
GL_INVALID_OPERATION - /home/iut45/Etudiants/o22306517/Bureau/BUT3/Prog3D/canevasTD6/td6.cpp:103
GL_INVALID_OPERATION - /home/iut45/Etudiants/o22306517/Bureau/BUT3/Prog3D/canevasTD6/td6.cpp:103
GL_INVALID_OPERATION - /home/iut45/Etudiants/o22306517/Bureau/BUT3/Prog3D/canevasTD6/td6.cpp:103
GL_INVALID_OPERATION - /home/iut45/Etudiants/o22306517/Bureau/BUT3/Prog3D/canevasTD6/td6.cpp:103
GL_INVALID_OPERATION - /home/iut45/Etudiants/o22306517/Bureau/BUT3/Prog3D/canevasTD6/td6.cpp:103
GL_INVALID_OPERATION - /home/iut45/Etudiants/o22306517/Bureau/BUT3/Prog3D/canevasTD6/td6.cpp:103
GL_INVALID_OPERATION - /home/iut45/Etudiants/o22306517/Bureau/BUT3/Prog3D/canevasTD6/td6.cpp:103
GL_INVALID_OPERATION - /home/iut45/Etudiants/o22306517/Bureau/BUT3/Prog3D/canevasTD6/td6.cpp:103
GL_INVALID_OPERATION - /home/iut45/Etudiants/o22306517/Bureau/BUT3/Prog3D/canevasTD6/td6.cpp:103
GL_INVALID_OPERATION - /home/iut45/Etudiants/o22306517/Bureau/BUT3/Prog3D/canevasTD6/td6.cpp:103
GL_INVALID_OPERATION - /home/iut45/Etudiants/o22306517/Bureau/BUT3/Prog3D/canevasTD6/td6.cpp:103
GL_INVALID_OPERATION - /home/iut45/Etudiants/o22306517/Bureau/BUT3/Prog3D/canevasTD6/td6.cpp:103
GL_INVALID_OPERATION - /home/iut45/Etudiants/o22306517/Bureau/BUT3/Prog3D/canevasTD6/td6.cpp:103
GL_INVALID_OPERATION - /home/iut45/Etudiants/o22306517/Bureau/BUT3/Prog3D/canevasTD6/td6.cpp:103
GL_INVALID_OPERATION - /home/iut45/Etudiants/o22306517/Bureau/BUT3/Prog3D/canevasTD6/td6.cpp:103
GL_INVALID_OPERATION - /home/iut45/Etudiants/o22306517/Bureau/BUT3/Prog3D/canevasTD6/td6.cpp:103
GL_INVALID_OPERATION - /home/iut45/Etudiants/o22306517/Bureau/BUT3/Prog3D/canevasTD6/td6.cpp:103
GL_INVALID_OPERATION - /home/iut45/Etudiants/o22306517/Bureau/BUT3/Prog3D/canevasTD6/td6.cpp:103
GL_INVALID_OPERATION - /home/iut45/Etudiants/o22306517/Bureau/BUT3/Prog3D/canevasTD6/td6.cpp:103
GL_INVALID_OPERATION - /home/iut45/Etudiants/o22306517/Bureau/BUT3/Prog3D/canevasTD6/td6.cpp:103
GL_INVALID_OPERATION - /home/iut45/Etudiants/o22306517/Bureau/BUT3/Prog3D/canevasTD6/td6.cpp:103
GL_INVALID_OPERATION - /home/iut45/Etudiants/o22306517/Bureau/BUT3/Prog3D/canevasTD6/td6.cpp:103
GL_INVALID_OPERATION - /home/iut45/Etudiants/o22306517/Bureau/BUT3/Prog3D/canevasTD6/td6.cpp:103
GL_INVALID_OPERATION - /home/iut45/Etudiants/o22306517/Bureau/BUT3/Prog3D/canevasTD6/td6.cpp:103
GL_INVALID_OPERATION - /home/iut45/Etudiants/o22306517/Bureau/BUT3/Prog3D/canevasTD6/td6.cpp:103
GL_INVALID_OPERATION - /home/iut45/Etudiants/o22306517/Bureau/BUT3/Prog3D/canevasTD6/td6.cpp:103
GL_INVALID_OPERATION - /home/iut45/Etudiants/o22306517/Bureau/BUT3/Prog3D/canevasTD6/td6.cpp:103
GL_INVALID_OPERATION - /home/iut45/Etudiants/o22306517/Bureau/BUT3/Prog3D/canevasTD6/td6.cpp:103
GL_INVALID_OPERATION - /home/iut45/Etudiants/o22306517/Bureau/BUT3/Prog3D/canevasTD6/td6.cpp:103
GL_INVALID_OPERATION - /home/iut45/Etudiants/o22306517/Bureau/BUT3/Prog3D/canevasTD6/td6.cpp:103
GL_INVALID_OPERATION - /home/iut45/Etudiants/o22306517/Bureau/BUT3/Prog3D/canevasTD6/td6.cpp:103
GL_INVALID_OPERATION - /home/iut45/Etudiants/o22306517/Bureau/BUT3/Prog3D/canevasTD6/td6.cpp:103
GL_INVALID_OPERATION - /home/iut45/Etudiants/o22306517/Bureau/BUT3/Prog3D/canevasTD6/td6.cpp:103
GL_INVALID_OPERATION - /home/iut45/Etudiants/o22306517/Bureau/BUT3/Prog3D/canevasTD6/td6.cpp:103
GL_INVALID_OPERATION - /home/iut45/Etudiants/o22306517/Bureau/BUT3/Prog3D/canevasTD6/td6.cpp:103
GL_INVALID_OPERATION - /home/iut45/Etudiants/o22306517/Bureau/BUT3/Prog3D/canevasTD6/td6.cpp:103
GL_INVALID_OPERATION - /home/iut45/Etudiants/o22306517/Bureau/BUT3/Prog3D/canevasTD6/td6.cpp:103
GL_INVALID_OPERATION - /home/iut45/Etudiants/o22306517/Bureau/BUT3/Prog3D/canevasTD6/td6.cpp:103
GL_INVALID_OPERATION - /home/iut45/Etudiants/o22306517/Bureau/BUT3/Prog3D/canevasTD6/td6.cpp:103
GL_INVALID_OPERATION - /home/iut45/Etudiants/o22306517/Bureau/BUT3/Prog3D/canevasTD6/td6.cpp:103
GL_INVALID_OPERATION - /home/iut45/Etudiants/o22306517/Bureau/BUT3/Prog3D/canevasTD6/td6.cpp:103
GL_INVALID_OPERATION - /home/iut45/Etudiants/o22306517/Bureau/BUT3/Prog3D/canevasTD6/td6.cpp:103
GL_INVALID_OPERATION - /home/iut45/Etudiants/o22306517/Bureau/BUT3/Prog3D/canevasTD6/td6.cpp:103
GL_INVALID_OPERATION - /home/iut45/Etudiants/o22306517/Bureau/BUT3/Prog3D/canevasTD6/td6.cpp:103
GL_INVALID_OPERATION - /home/iut45/Etudiants/o22306517/Bureau/BUT3/Prog3D/canevasTD6/td6.cpp:103
GL_INVALID_OPERATION - /home/iut45/Etudiants/o22306517/Bureau/BUT3/Prog3D/canevasTD6/td6.cpp:103
GL_INVALID_OPERATION - /home/iut45/Etudiants/o22306517/Bureau/BUT3/Prog3D/canevasTD6/td6.cpp:103
GL_INVALID_OPERATION - /home/iut45/Etudiants/o22306517/Bureau/BUT3/Prog3D/canevasTD6/td6.cpp:103
GL_INVALID_OPERATION - /home/iut45/Etudiants/o22306517/Bureau/BUT3/Prog3D/canevasTD6/td6.cpp:103
GL_INVALID_OPERATION - /home/iut45/Etudiants/o22306517/Bureau/BUT3/Prog3D/canevasTD6/td6.cpp:103
GL_INVALID_OPERATION - /home/iut45/Etudiants/o22306517/Bureau/BUT3/Prog3D/canevasTD6/td6.cpp:103
GL_INVALID_OPERATION - /home/iut45/Etudiants/o22306517/Bureau/BUT3/Prog3D/canevasTD6/td6.cpp:103
GL_INVALID_OPERATION - /home/iut45/Etudiants/o22306517/Bureau/BUT3/Prog3D/canevasTD6/td6.cpp:103
GL_INVALID_OPERATION - /home/iut45/Etudiants/o22306517/Bureau/BUT3/Prog3D/canevasTD6/td6.cpp:103
GL_INVALID_OPERATION - /home/iut45/Etudiants/o22306517/Bureau/BUT3/Prog3D/canevasTD6/td6.cpp:103
GL_INVALID_OPERATION - /home/iut45/Etudiants/o22306517/Bureau/BUT3/Prog3D/canevasTD6/td6.cpp:103
GL_INVALID_OPERATION - /home/iut45/Etudiants/o22306517/Bureau/BUT3/Prog3D/canevasTD6/td6.cpp:103
GL_INVALID_OPERATION - /home/iut45/Etudiants/o22306517/Bureau/BUT3/Prog3D/canevasTD6/td6.cpp:103
GL_INVALID_OPERATION - /home/iut45/Etudiants/o22306517/Bureau/BUT3/Prog3D/canevasTD6/td6.cpp:103
GL_INVALID_OPERATION - /home/iut45/Etudiants/o22306517/Bureau/BUT3/Prog3D/canevasTD6/td6.cpp:103
GL_INVALID_OPERATION - /home/iut45/Etudiants/o22306517/Bureau/BUT3/Prog3D/canevasTD6/td6.cpp:103
GL_INVALID_OPERATION - /home/iut45/Etudiants/o22306517/Bureau/BUT3/Prog3D/canevasTD6/td6.cpp:103
GL_INVALID_OPERATION - /home/iut45/Etudiants/o22306517/Bureau/BUT3/Prog3D/canevasTD6/td6.cpp:103
GL_INVALID_OPERATION - /home/iut45/Etudiants/o22306517/Bureau/BUT3/Prog3D/canevasTD6/td6.cpp:103
GL_INVALID_OPERATION - /home/iut45/Etudiants/o22306517/Bureau/BUT3/Prog3D/canevasTD6/td6.cpp:103
GL_INVALID_OPERATION - /home/iut45/Etudiants/o22306517/Bureau/BUT3/Prog3D/canevasTD6/td6.cpp:103
GL_INVALID_OPERATION - /home/iut45/Etudiants/o22306517/Bureau/BUT3/Prog3D/canevasTD6/td6.cpp:103
GL_INVALID_OPERATION - /home/iut45/Etudiants/o22306517/Bureau/BUT3/Prog3D/canevasTD6/td6.cpp:103
GL_INVALID_OPERATION - /home/iut45/Etudiants/o22306517/Bureau/BUT3/Prog3D/canevasTD6/td6.cpp:103
GL_INVALID_OPERATION - /home/iut45/Etudiants/o22306517/Bureau/BUT3/Prog3D/canevasTD6/td6.cpp:103
GL_INVALID_OPERATION - /home/iut45/Etudiants/o22306517/Bureau/BUT3/Prog3D/canevasTD6/td6.cpp:103
GL_INVALID_OPERATION - /home/iut45/Etudiants/o22306517/Bureau/BUT3/Prog3D/canevasTD6/td6.cpp:103
GL_INVALID_OPERATION - /home/iut45/Etudiants/o22306517/Bureau/BUT3/Prog3D/canevasTD6/td6.cpp:103
GL_INVALID_OPERATION - /home/iut45/Etudiants/o22306517/Bureau/BUT3/Prog3D/canevasTD6/td6.cpp:103
GL_INVALID_OPERATION - /home/iut45/Etudiants/o22306517/Bureau/BUT3/Prog3D/canevasTD6/td6.cpp:103
GL_INVALID_OPERATION - /home/iut45/Etudiants/o22306517/Bureau/BUT3/Prog3D/canevasTD6/td6.cpp:103
GL_INVALID_OPERATION - /home/iut45/Etudiants/o22306517/Bureau/BUT3/Prog3D/canevasTD6/td6.cpp:103
GL_INVALID_OPERATION - /home/iut45/Etudiants/o22306517/Bureau/BUT3/Prog3D/canevasTD6/td6.cpp:103
GL_INVALID_OPERATION - /home/iut45/Etudiants/o22306517/Bureau/BUT3/Prog3D/canevasTD6/td6.cpp:103
GL_INVALID_OPERATION - /home/iut45/Etudiants/o22306517/Bureau/BUT3/Prog3D/canevasTD6/td6.cpp:103
GL_INVALID_OPERATION - /home/iut45/Etudiants/o22306517/Bureau/BUT3/Prog3D/canevasTD6/td6.cpp:103
GL_INVALID_OPERATION - /home/iut45/Etudiants/o22306517/Bureau/BUT3/Prog3D/canevasTD6/td6.cpp:103
GL_INVALID_OPERATION - /home/iut45/Etudiants/o22306517/Bureau/BUT3/Prog3D/canevasTD6/td6.cpp:103
GL_INVALID_OPERATION - /home/iut45/Etudiants/o22306517/Bureau/BUT3/Prog3D/canevasTD6/td6.cpp:103
GL_INVALID_OPERATION - /home/iut45/Etudiants/o22306517/Bureau/BUT3/Prog3D/canevasTD6/td6.cpp:103
GL_INVALID_OPERATION - /home/iut45/Etudiants/o22306517/Bureau/BUT3/Prog3D/canevasTD6/td6.cpp:103
GL_INVALID_OPERATION - /home/iut45/Etudiants/o22306517/Bureau/BUT3/Prog3D/canevasTD6/td6.cpp:103
GL_INVALID_OPERATION - /home/iut45/Etudiants/o22306517/Bureau/BUT3/Prog3D/canevasTD6/td6.cpp:103
GL_INVALID_OPERATION - /home/iut45/Etudiants/o22306517/Bureau/BUT3/Prog3D/canevasTD6/td6.cpp:103
GL_INVALID_OPERATION - /home/iut45/Etudiants/o22306517/Bureau/BUT3/Prog3D/canevasTD6/td6.cpp:103
GL_INVALID_OPERATION - /home/iut45/Etudiants/o22306517/Bureau/BUT3/Prog3D/canevasTD6/td6.cpp:103
GL_INVALID_OPERATION - /home/iut45/Etudiants/o22306517/Bureau/BUT3/Prog3D/canevasTD6/td6.cpp:103
GL_INVALID_OPERATION - /home/iut45/Etudiants/o22306517/Bureau/BUT3/Prog3D/canevasTD6/td6.cpp:103
GL_INVALID_OPERATION - /home/iut45/Etudiants/o22306517/Bureau/BUT3/Prog3D/canevasTD6/td6.cpp:103
GL_INVALID_OPERATION - /home/iut45/Etudiants/o22306517/Bureau/BUT3/Prog3D/canevasTD6/td6.cpp:103
GL_INVALID_OPERATION - /home/iut45/Etudiants/o22306517/Bureau/BUT3/Prog3D/canevasTD6/td6.cpp:103
GL_INVALID_OPERATION - /home/iut45/Etudiants/o22306517/Bureau/BUT3/Prog3D/canevasTD6/td6.cpp:103
GL_INVALID_OPERATION - /home/iut45/Etudiants/o22306517/Bureau/BUT3/Prog3D/canevasTD6/td6.cpp:103
GL_INVALID_OPERATION - /home/iut45/Etudiants/o22306517/Bureau/BUT3/Prog3D/canevasTD6/td6.cpp:103
GL_INVALID_OPERATION - /home/iut45/Etudiants/o22306517/Bureau/BUT3/Prog3D/canevasTD6/td6.cpp:103
GL_INVALID_OPERATION - /home/iut45/Etudiants/o22306517/Bureau/BUT3/Prog3D/canevasTD6/td6.cpp:103
GL_INVALID_OPERATION - /home/iut45/Etudiants/o22306517/Bureau/BUT3/Prog3D/canevasTD6/td6.cpp:103
GL_INVALID_OPERATION - /home/iut45/Etudiants/o22306517/Bureau/BUT3/Prog3D/canevasTD6/td6.cpp:103
GL_INVALID_OPERATION - /home/iut45/Etudiants/o22306517/Bureau/BUT3/Prog3D/canevasTD6/td6.cpp:103
GL_INVALID_OPERATION - /home/iut45/Etudiants/o22306517/Bureau/BUT3/Prog3D/canevasTD6/td6.cpp:103
GL_INVALID_OPERATION - /home/iut45/Etudiants/o22306517/Bureau/BUT3/Prog3D/canevasTD6/td6.cpp:103
GL_INVALID_OPERATION - /home/iut45/Etudiants/o22306517/Bureau/BUT3/Prog3D/canevasTD6/td6.cpp:103
GL_INVALID_OPERATION - /home/iut45/Etudiants/o22306517/Bureau/BUT3/Prog3D/canevasTD6/td6.cpp:103
GL_INVALID_OPERATION - /home/iut45/Etudiants/o22306517/Bureau/BUT3/Prog3D/canevasTD6/td6.cpp:103
GL_INVALID_OPERATION - /home/iut45/Etudiants/o22306517/Bureau/BUT3/Prog3D/canevasTD6/td6.cpp:103
GL_INVALID_OPERATION - /home/iut45/Etudiants/o22306517/Bureau/BUT3/Prog3D/canevasTD6/td6.cpp:103
GL_INVALID_OPERATION - /home/iut45/Etudiants/o22306517/Bureau/BUT3/Prog3D/canevasTD6/td6.cpp:103
GL_INVALID_OPERATION - /home/iut45/Etudiants/o22306517/Bureau/BUT3/Prog3D/canevasTD6/td6.cpp:103
GL_INVALID_OPERATION - /home/iut45/Etudiants/o22306517/Bureau/BUT3/Prog3D/canevasTD6/td6.cpp:103
GL_INVALID_OPERATION - /home/iut45/Etudiants/o22306517/Bureau/BUT3/Prog3D/canevasTD6/td6.cpp:103
GL_INVALID_OPERATION - /home/iut45/Etudiants/o22306517/Bureau/BUT3/Prog3D/canevasTD6/td6.cpp:103
GL_INVALID_OPERATION - /home/iut45/Etudiants/o22306517/Bureau/BUT3/Prog3D/canevasTD6/td6.cpp:103
GL_INVALID_OPERATION - /home/iut45/Etudiants/o22306517/Bureau/BUT3/Prog3D/canevasTD6/td6.cpp:103
GL_INVALID_OPERATION - /home/iut45/Etudiants/o22306517/Bureau/BUT3/Prog3D/canevasTD6/td6.cpp:103
GL_INVALID_OPERATION - /home/iut45/Etudiants/o22306517/Bureau/BUT3/Prog3D/canevasTD6/td6.cpp:103
GL_INVALID_OPERATION - /home/iut45/Etudiants/o22306517/Bureau/BUT3/Prog3D/canevasTD6/td6.cpp:103
GL_INVALID_OPERATION - /home/iut45/Etudiants/o22306517/Bureau/BUT3/Prog3D/canevasTD6/td6.cpp:103
GL_INVALID_OPERATION - /home/iut45/Etudiants/o22306517/Bureau/BUT3/Prog3D/canevasTD6/td6.cpp:103
GL_INVALID_OPERATION - /home/iut45/Etudiants/o22306517/Bureau/BUT3/Prog3D/canevasTD6/td6.cpp:103
GL_INVALID_OPERATION - /home/iut45/Etudiants/o22306517/Bureau/BUT3/Prog3D/canevasTD6/td6.cpp:103
GL_INVALID_OPERATION - /home/iut45/Etudiants/o22306517/Bureau/BUT3/Prog3D/canevasTD6/td6.cpp:103
GL_INVALID_OPERATION - /home/iut45/Etudiants/o22306517/Bureau/BUT3/Prog3D/canevasTD6/td6.cpp:103
GL_INVALID_OPERATION - /home/iut45/Etudiants/o22306517/Bureau/BUT3/Prog3D/canevasTD6/td6.cpp:103
GL_INVALID_OPERATION - /home/iut45/Etudiants/o22306517/Bureau/BUT3/Prog3D/canevasTD6/td6.cpp:103
GL_INVALID_OPERATION - /home/iut45/Etudiants/o22306517/Bureau/BUT3/Prog3D/canevasTD6/td6.cpp:103
GL_INVALID_OPERATION - /home/iut45/Etudiants/o22306517/Bureau/BUT3/Prog3D/canevasTD6/td6.cpp:103
GL_INVALID_OPERATION - /home/iut45/Etudiants/o22306517/Bureau/BUT3/Prog3D/canevasTD6/td6.cpp:103
GL_INVALID_OPERATION - /home/iut45/Etudiants/o22306517/Bureau/BUT3/Prog3D/canevasTD6/td6.cpp:103
GL_INVALID_OPERATION - /home/iut45/Etudiants/o22306517/Bureau/BUT3/Prog3D/canevasTD6/td6.cpp:103
GL_INVALID_OPERATION - /home/iut45/Etudiants/o22306517/Bureau/BUT3/Prog3D/canevasTD6/td6.cpp:103
GL_INVALID_OPERATION - /home/iut45/Etudiants/o22306517/Bureau/BUT3/Prog3D/canevasTD6/td6.cpp:103
GL_INVALID_OPERATION - /home/iut45/Etudiants/o22306517/Bureau/BUT3/Prog3D/canevasTD6/td6.cpp:103
GL_INVALID_OPERATION - /home/iut45/Etudiants/o22306517/Bureau/BUT3/Prog3D/canevasTD6/td6.cpp:103
GL_INVALID_OPERATION - /home/iut45/Etudiants/o22306517/Bureau/BUT3/Prog3D/canevasTD6/td6.cpp:103
GL_INVALID_OPERATION - /home/iut45/Etudiants/o22306517/Bureau/BUT3/Prog3D/canevasTD6/td6.cpp:103
GL_INVALID_OPERATION - /home/iut45/Etudiants/o22306517/Bureau/BUT3/Prog3D/canevasTD6/td6.cpp:103
GL_INVALID_OPERATION - /home/iut45/Etudiants/o22306517/Bureau/BUT3/Prog3D/canevasTD6/td6.cpp:103
GL_INVALID_OPERATION - /home/iut45/Etudiants/o22306517/Bureau/BUT3/Prog3D/canevasTD6/td6.cpp:103
GL_INVALID_OPERATION - /home/iut45/Etudiants/o22306517/Bureau/BUT3/Prog3D/canevasTD6/td6.cpp:103
GL_INVALID_OPERATION - /home/iut45/Etudiants/o22306517/Bureau/BUT3/Prog3D/canevasTD6/td6.cpp:103
GL_INVALID_OPERATION - /home/iut45/Etudiants/o22306517/Bureau/BUT3/Prog3D/canevasTD6/td6.cpp:103
GL_INVALID_OPERATION - /home/iut45/Etudiants/o22306517/Bureau/BUT3/Prog3D/canevasTD6/td6.cpp:103
GL_INVALID_OPERATION - /home/iut45/Etudiants/o22306517/Bureau/BUT3/Prog3D/canevasTD6/td6.cpp:103
GL_INVALID_OPERATION - /home/iut45/Etudiants/o22306517/Bureau/BUT3/Prog3D/canevasTD6/td6.cpp:103
GL_INVALID_OPERATION - /home/iut45/Etudiants/o22306517/Bureau/BUT3/Prog3D/canevasTD6/td6.cpp:103
GL_INVALID_OPERATION - /home/iut45/Etudiants/o22306517/Bureau/BUT3/Prog3D/canevasTD6/td6.cpp:103
GL_INVALID_OPERATION - /home/iut45/Etudiants/o22306517/Bureau/BUT3/Prog3D/canevasTD6/td6.cpp:103
GL_INVALID_OPERATION - /home/iut45/Etudiants/o22306517/Bureau/BUT3/Prog3D/canevasTD6/td6.cpp:103
GL_INVALID_OPERATION - /home/iut45/Etudiants/o22306517/Bureau/BUT3/Prog3D/canevasTD6/td6.cpp:103
GL_INVALID_OPERATION - /home/iut45/Etudiants/o22306517/Bureau/BUT3/Prog3D/canevasTD6/td6.cpp:103
GL_INVALID_OPERATION - /home/iut45/Etudiants/o22306517/Bureau/BUT3/Prog3D/canevasTD6/td6.cpp:103
GL_INVALID_OPERATION - /home/iut45/Etudiants/o22306517/Bureau/BUT3/Prog3D/canevasTD6/td6.cpp:103
GL_INVALID_OPERATION - /home/iut45/Etudiants/o22306517/Bureau/BUT3/Prog3D/canevasTD6/td6.cpp:103
GL_INVALID_OPERATION - /home/iut45/Etudiants/o22306517/Bureau/BUT3/Prog3D/canevasTD6/td6.cpp:103
GL_INVALID_OPERATION - /home/iut45/Etudiants/o22306517/Bureau/BUT3/Prog3D/canevasTD6/td6.cpp:103
GL_INVALID_OPERATION - /home/iut45/Etudiants/o22306517/Bureau/BUT3/Prog3D/canevasTD6/td6.cpp:103
GL_INVALID_OPERATION - /home/iut45/Etudiants/o22306517/Bureau/BUT3/Prog3D/canevasTD6/td6.cpp:103
GL_INVALID_OPERATION - /home/iut45/Etudiants/o22306517/Bureau/BUT3/Prog3D/canevasTD6/td6.cpp:103
GL_INVALID_OPERATION - /home/iut45/Etudiants/o22306517/Bureau/BUT3/Prog3D/canevasTD6/td6.cpp:103
GL_INVALID_OPERATION - /home/iut45/Etudiants/o22306517/Bureau/BUT3/Prog3D/canevasTD6/td6.cpp:103
GL_INVALID_OPERATION - /home/iut45/Etudiants/o22306517/Bureau/BUT3/Prog3D/canevasTD6/td6.cpp:103
GL_INVALID_OPERATION - /home/iut45/Etudiants/o22306517/Bureau/BUT3/Prog3D/canevasTD6/td6.cpp:103
GL_INVALID_OPERATION - /home/iut45/Etudiants/o22306517/Bureau/BUT3/Prog3D/canevasTD6/td6.cpp:103
GL_INVALID_OPERATION - /home/iut45/Etudiants/o22306517/Bureau/BUT3/Prog3D/canevasTD6/td6.cpp:103
GL_INVALID_OPERATION - /home/iut45/Etudiants/o22306517/Bureau/BUT3/Prog3D/canevasTD6/td6.cpp:103
GL_INVALID_OPERATION - /home/iut45/Etudiants/o22306517/Bureau/BUT3/Prog3D/canevasTD6/td6.cpp:103
GL_INVALID_OPERATION - /home/iut45/Etudiants/o22306517/Bureau/BUT3/Prog3D/canevasTD6/td6.cpp:103
GL_INVALID_OPERATION - /home/iut45/Etudiants/o22306517/Bureau/BUT3/Prog3D/canevasTD6/td6.cpp:103
GL_INVALID_OPERATION - /home/iut45/Etudiants/o22306517/Bureau/BUT3/Prog3D/canevasTD6/td6.cpp:103
GL_INVALID_OPERATION - /home/iut45/Etudiants/o22306517/Bureau/BUT3/Prog3D/canevasTD6/td6.cpp:103
GL_INVALID_OPERATION - /home/iut45/Etudiants/o22306517/Bureau/BUT3/Prog3D/canevasTD6/td6.cpp:103
GL_INVALID_OPERATION - /home/iut45/Etudiants/o22306517/Bureau/BUT3/Prog3D/canevasTD6/td6.cpp:103
GL_INVALID_OPERATION - /home/iut45/Etudiants/o22306517/Bureau/BUT3/Prog3D/canevasTD6/td6.cpp:103
GL_INVALID_OPERATION - /home/iut45/Etudiants/o22306517/Bureau/BUT3/Prog3D/canevasTD6/td6.cpp:103
GL_INVALID_OPERATION - /home/iut45/Etudiants/o22306517/Bureau/BUT3/Prog3D/canevasTD6/td6.cpp:103
GL_INVALID_OPERATION - /home/iut45/Etudiants/o22306517/Bureau/BUT3/Prog3D/canevasTD6/td6.cpp:103
GL_INVALID_OPERATION - /home/iut45/Etudiants/o22306517/Bureau/BUT3/Prog3D/canevasTD6/td6.cpp:103
GL_INVALID_OPERATION - /home/iut45/Etudiants/o22306517/Bureau/BUT3/Prog3D/canevasTD6/td6.cpp:103
GL_INVALID_OPERATION - /home/iut45/Etudiants/o22306517/Bureau/BUT3/Prog3D/canevasTD6/td6.cpp:103
GL_INVALID_OPERATION - /home/iut45/Etudiants/o22306517/Bureau/BUT3/Prog3D/canevasTD6/td6.cpp:103
GL_INVALID_OPERATION - /home/iut45/Etudiants/o22306517/Bureau/BUT3/Prog3D/canevasTD6/td6.cpp:103
GL_INVALID_OPERATION - /home/iut45/Etudiants/o22306517/Bureau/BUT3/Prog3D/canevasTD6/td6.cpp:103
GL_INVALID_OPERATION - /home/iut45/Etudiants/o22306517/Bureau/BUT3/Prog3D/canevasTD6/td6.cpp:103
GL_INVALID_OPERATION - /home/iut45/Etudiants/o22306517/Bureau/BUT3/Prog3D/canevasTD6/td6.cpp:103
GL_INVALID_OPERATION - /home/iut45/Etudiants/o22306517/Bureau/BUT3/Prog3D/canevasTD6/td6.cpp:103
GL_INVALID_OPERATION - /home/iut45/Etudiants/o22306517/Bureau/BUT3/Prog3D/canevasTD6/td6.cpp:103
GL_INVALID_OPERATION - /home/iut45/Etudiants/o22306517/Bureau/BUT3/Prog3D/canevasTD6/td6.cpp:103
GL_INVALID_OPERATION - /home/iut45/Etudiants/o22306517/Bureau/BUT3/Prog3D/canevasTD6/td6.cpp:103
GL_INVALID_OPERATION - /home/iut45/Etudiants/o22306517/Bureau/BUT3/Prog3D/canevasTD6/td6.cpp:103
GL_INVALID_OPERATION - /home/iut45/Etudiants/o22306517/Bureau/BUT3/Prog3D/canevasTD6/td6.cpp:103
GL_INVALID_OPERATION - /home/iut45/Etudiants/o22306517/Bureau/BUT3/Prog3D/canevasTD6/td6.cpp:103
GL_INVALID_OPERATION - /home/iut45/Etudiants/o22306517/Bureau/BUT3/Prog3D/canevasTD6/td6.cpp:103
GL_INVALID_OPERATION - /home/iut45/Etudiants/o22306517/Bureau/BUT3/Prog3D/canevasTD6/td6.cpp:103
GL_INVALID_OPERATION - /home/iut45/Etudiants/o22306517/Bureau/BUT3/Prog3D/canevasTD6/td6.cpp:103
GL_INVALID_OPERATION - /home/iut45/Etudiants/o22306517/Bureau/BUT3/Prog3D/canevasTD6/td6.cpp:103
GL_INVALID_OPERATION - /home/iut45/Etudiants/o22306517/Bureau/BUT3/Prog3D/canevasTD6/td6.cpp:103
GL_INVALID_OPERATION - /home/iut45/Etudiants/o22306517/Bureau/BUT3/Prog3D/canevasTD6/td6.cpp:103
GL_INVALID_OPERATION - /home/iut45/Etudiants/o22306517/Bureau/BUT3/Prog3D/canevasTD6/td6.cpp:103
GL_INVALID_OPERATION - /home/iut45/Etudiants/o22306517/Bureau/BUT3/Prog3D/canevasTD6/td6.cpp:103
GL_INVALID_OPERATION - /home/iut45/Etudiants/o22306517/Bureau/BUT3/Prog3D/canevasTD6/td6.cpp:103
GL_INVALID_OPERATION - /home/iut45/Etudiants/o22306517/Bureau/BUT3/Prog3D/canevasTD6/td6.cpp:103
GL_INVALID_OPERATION - /home/iut45/Etudiants/o22306517/Bureau/BUT3/Prog3D/canevasTD6/td6.cpp:103
GL_INVALID_OPERATION - /home/iut45/Etudiants/o22306517/Bureau/BUT3/Prog3D/canevasTD6/td6.cpp:103
GL_INVALID_OPERATION - /home/iut45/Etudiants/o22306517/Bureau/BUT3/Prog3D/canevasTD6/td6.cpp:103
GL_INVALID_OPERATION - /home/iut45/Etudiants/o22306517/Bureau/BUT3/Prog3D/canevasTD6/td6.cpp:103
GL_INVALID_OPERATION - /home/iut45/Etudiants/o22306517/Bureau/BUT3/Prog3D/canevasTD6/td6.cpp:103
GL_INVALID_OPERATION - /home/iut45/Etudiants/o22306517/Bureau/BUT3/Prog3D/canevasTD6/td6.cpp:103
GL_INVALID_OPERATION - /home/iut45/Etudiants/o22306517/Bureau/BUT3/Prog3D/canevasTD6/td6.cpp:103
GL_INVALID_OPERATION - /home/iut45/Etudiants/o22306517/Bureau/BUT3/Prog3D/canevasTD6/td6.cpp:103
GL_INVALID_OPERATION - /home/iut45/Etudiants/o22306517/Bureau/BUT3/Prog3D/canevasTD6/td6.cpp:103
GL_INVALID_OPERATION - /home/iut45/Etudiants/o22306517/Bureau/BUT3/Prog3D/canevasTD6/td6.cpp:103
GL_INVALID_OPERATION - /home/iut45/Etudiants/o22306517/Bureau/BUT3/Prog3D/canevasTD6/td6.cpp:103
GL_INVALID_OPERATION - /home/iut45/Etudiants/o22306517/Bureau/BUT3/Prog3D/canevasTD6/td6.cpp:103
GL_INVALID_OPERATION - /home/iut45/Etudiants/o22306517/Bureau/BUT3/Prog3D/canevasTD6/td6.cpp:103
GL_INVALID_OPERATION - /home/iut45/Etudiants/o22306517/Bureau/BUT3/Prog3D/canevasTD6/td6.cpp:103
GL_INVALID_OPERATION - /home/iut45/Etudiants/o22306517/Bureau/BUT3/Prog3D/canevasTD6/td6.cpp:103
GL_INVALID_OPERATION - /home/iut45/Etudiants/o22306517/Bureau/BUT3/Prog3D/canevasTD6/td6.cpp:103
GL_INVALID_OPERATION - /home/iut45/Etudiants/o22306517/Bureau/BUT3/Prog3D/canevasTD6/td6.cpp:103
GL_INVALID_OPERATION - /home/iut45/Etudiants/o22306517/Bureau/BUT3/Prog3D/canevasTD6/td6.cpp:103
GL_INVALID_OPERATION - /home/iut45/Etudiants/o22306517/Bureau/BUT3/Prog3D/canevasTD6/td6.cpp:103
GL_INVALID_OPERATION - /home/iut45/Etudiants/o22306517/Bureau/BUT3/Prog3D/canevasTD6/td6.cpp:103
GL_INVALID_OPERATION - /home/iut45/Etudiants/o22306517/Bureau/BUT3/Prog3D/canevasTD6/td6.cpp:103
GL_INVALID_OPERATION - /home/iut45/Etudiants/o22306517/Bureau/BUT3/Prog3D/canevasTD6/td6.cpp:103
GL_INVALID_OPERATION - /home/iut45/Etudiants/o22306517/Bureau/BUT3/Prog3D/canevasTD6/td6.cpp:103
GL_INVALID_OPERATION - /home/iut45/Etudiants/o22306517/Bureau/BUT3/Prog3D/canevasTD6/td6.cpp:103
GL_INVALID_OPERATION - /home/iut45/Etudiants/o22306517/Bureau/BUT3/Prog3D/canevasTD6/td6.cpp:103
GL_INVALID_OPERATION - /home/iut45/Etudiants/o22306517/Bureau/BUT3/Prog3D/canevasTD6/td6.cpp:103
GL_INVALID_OPERATION - /home/iut45/Etudiants/o22306517/Bureau/BUT3/Prog3D/canevasTD6/td6.cpp:103
GL_INVALID_OPERATION - /home/iut45/Etudiants/o22306517/Bureau/BUT3/Prog3D/canevasTD6/td6.cpp:103
GL_INVALID_OPERATION - /home/iut45/Etudiants/o22306517/Bureau/BUT3/Prog3D/canevasTD6/td6.cpp:103
GL_INVALID_OPERATION - /home/iut45/Etudiants/o22306517/Bureau/BUT3/Prog3D/canevasTD6/td6.cpp:103
GL_INVALID_OPERATION - /home/iut45/Etudiants/o22306517/Bureau/BUT3/Prog3D/canevasTD6/td6.cpp:103
GL_INVALID_OPERATION - /home/iut45/Etudiants/o22306517/Bureau/BUT3/Prog3D/canevasTD6/td6.cpp:103
GL_INVALID_OPERATION - /home/iut45/Etudiants/o22306517/Bureau/BUT3/Prog3D/canevasTD6/td6.cpp:103
GL_INVALID_OPERATION - /home/iut45/Etudiants/o22306517/Bureau/BUT3/Prog3D/canevasTD6/td6.cpp:103
GL_INVALID_OPERATION - /home/iut45/Etudiants/o22306517/Bureau/BUT3/Prog3D/canevasTD6/td6.cpp:103
GL_INVALID_OPERATION - /home/iut45/Etudiants/o22306517/Bureau/BUT3/Prog3D/canevasTD6/td6.cpp:103
GL_INVALID_OPERATION - /home/iut45/Etudiants/o22306517/Bureau/BUT3/Prog3D/canevasTD6/td6.cpp:103
GL_INVALID_OPERATION - /home/iut45/Etudiants/o22306517/Bureau/BUT3/Prog3D/canevasTD6/td6.cpp:103
GL_INVALID_OPERATION - /home/iut45/Etudiants/o22306517/Bureau/BUT3/Prog3D/canevasTD6/td6.cpp:103
GL_INVALID_OPERATION - /home/iut45/Etudiants/o22306517/Bureau/BUT3/Prog3D/canevasTD6/td6.cpp:103
GL_INVALID_OPERATION - /home/iut45/Etudiants/o22306517/Bureau/BUT3/Prog3D/canevasTD6/td6.cpp:103
GL_INVALID_OPERATION - /home/iut45/Etudiants/o22306517/Bureau/BUT3/Prog3D/canevasTD6/td6.cpp:103
GL_INVALID_OPERATION - /home/iut45/Etudiants/o22306517/Bureau/BUT3/Prog3D/canevasTD6/td6.cpp:103
GL_INVALID_OPERATION - /home/iut45/Etudiants/o22306517/Bureau/BUT3/Prog3D/canevasTD6/td6.cpp:103
GL_INVALID_OPERATION - /home/iut45/Etudiants/o22306517/Bureau/BUT3/Prog3D/canevasTD6/td6.cpp:103
GL_INVALID_OPERATION - /home/iut45/Etudiants/o22306517/Bureau/BUT3/Prog3D/canevasTD6/td6.cpp:103
GL_INVALID_OPERATION - /home/iut45/Etudiants/o22306517/Bureau/BUT3/Prog3D/canevasTD6/td6.cpp:103
GL_INVALID_OPERATION - /home/iut45/Etudiants/o22306517/Bureau/BUT3/Prog3D/canevasTD6/td6.cpp:103
GL_INVALID_OPERATION - /home/iut45/Etudiants/o22306517/Bureau/BUT3/Prog3D/canevasTD6/td6.cpp:103
GL_INVALID_OPERATION - /home/iut45/Etudiants/o22306517/Bureau/BUT3/Prog3D/canevasTD6/td6.cpp:103
GL_INVALID_OPERATION - /home/iut45/Etudiants/o22306517/Bureau/BUT3/Prog3D/canevasTD6/td6.cpp:103
GL_INVALID_OPERATION - /home/iut45/Etudiants/o22306517/Bureau/BUT3/Prog3D/canevasTD6/td6.cpp:103
GL_INVALID_OPERATION - /home/iut45/Etudiants/o22306517/Bureau/BUT3/Prog3D/canevasTD6/td6.cpp:103
GL_INVALID_OPERATION - /home/iut45/Etudiants/o22306517/Bureau/BUT3/Prog3D/canevasTD6/td6.cpp:103
GL_INVALID_OPERATION - /home/iut45/Etudiants/o22306517/Bureau/BUT3/Prog3D/canevasTD6/td6.cpp:103
GL_INVALID_OPERATION - /home/iut45/Etudiants/o22306517/Bureau/BUT3/Prog3D/canevasTD6/td6.cpp:103
GL_INVALID_OPERATION - /home/iut45/Etudiants/o22306517/Bureau/BUT3/Prog3D/canevasTD6/td6.cpp:103
GL_INVALID_OPERATION - /home/iut45/Etudiants/o22306517/Bureau/BUT3/Prog3D/canevasTD6/td6.cpp:103
GL_INVALID_OPERATION - /home/iut45/Etudiants/o22306517/Bureau/BUT3/Prog3D/canevasTD6/td6.cpp:103
GL_INVALID_OPERATION - /home/iut45/Etudiants/o22306517/Bureau/BUT3/Prog3D/canevasTD6/td6.cpp:103
GL_INVALID_OPERATION - /home/iut45/Etudiants/o22306517/Bureau/BUT3/Prog3D/canevasTD6/td6.cpp:103
GL_INVALID_OPERATION - /home/iut45/Etudiants/o22306517/Bureau/BUT3/Prog3D/canevasTD6/td6.cpp:103
GL_INVALID_OPERATION - /home/iut45/Etudiants/o22306517/Bureau/BUT3/Prog3D/canevasTD6/td6.cpp:103
GL_INVALID_OPERATION - /home/iut45/Etudiants/o22306517/Bureau/BUT3/Prog3D/canevasTD6/td6.cpp:103
GL_INVALID_OPERATION - /home/iut45/Etudiants/o22306517/Bureau/BUT3/Prog3D/canevasTD6/td6.cpp:103
GL_INVALID_OPERATION - /home/iut45/Etudiants/o22306517/Bureau/BUT3/Prog3D/canevasTD6/td6.cpp:103
GL_INVALID_OPERATION - /home/iut45/Etudiants/o22306517/Bureau/BUT3/Prog3D/canevasTD6/td6.cpp:103
GL_INVALID_OPERATION - /home/iut45/Etudiants/o22306517/Bureau/BUT3/Prog3D/canevasTD6/td6.cpp:103
GL_INVALID_OPERATION - /home/iut45/Etudiants/o22306517/Bureau/BUT3/Prog3D/canevasTD6/td6.cpp:103
GL_INVALID_OPERATION - /home/iut45/Etudiants/o22306517/Bureau/BUT3/Prog3D/canevasTD6/td6.cpp:103
GL_INVALID_OPERATION - /home/iut45/Etudiants/o22306517/Bureau/BUT3/Prog3D/canevasTD6/td6.cpp:103
GL_INVALID_OPERATION - /home/iut45/Etudiants/o22306517/Bureau/BUT3/Prog3D/canevasTD6/td6.cpp:103
GL_INVALID_OPERATION - /home/iut45/Etudiants/o22306517/Bureau/BUT3/Prog3D/canevasTD6/td6.cpp:103
GL_INVALID_OPERATION - /home/iut45/Etudiants/o22306517/Bureau/BUT3/Prog3D/canevasTD6/td6.cpp:103
GL_INVALID_OPERATION - /home/iut45/Etudiants/o22306517/Bureau/BUT3/Prog3D/canevasTD6/td6.cpp:103
GL_INVALID_OPERATION - /home/iut45/Etudiants/o22306517/Bureau/BUT3/Prog3D/canevasTD6/td6.cpp:103
GL_INVALID_OPERATION - /home/iut45/Etudiants/o22306517/Bureau/BUT3/Prog3D/canevasTD6/td6.cpp:103
GL_INVALID_OPERATION - /home/iut45/Etudiants/o22306517/Bureau/BUT3/Prog3D/canevasTD6/td6.cpp:103
GL_INVALID_OPERATION - /home/iut45/Etudiants/o22306517/Bureau/BUT3/Prog3D/canevasTD6/td6.cpp:103
GL_INVALID_OPERATION - /home/iut45/Etudiants/o22306517/Bureau/BUT3/Prog3D/canevasTD6/td6.cpp:103
GL_INVALID_OPERATION - /home/iut45/Etudiants/o22306517/Bureau/BUT3/Prog3D/canevasTD6/td6.cpp:103
GL_INVALID_OPERATION - /home/iut45/Etudiants/o22306517/Bureau/BUT3/Prog3D/canevasTD6/td6.cpp:103
GL_INVALID_OPERATION - /home/iut45/Etudiants/o22306517/Bureau/BUT3/Prog3D/canevasTD6/td6.cpp:103
GL_INVALID_OPERATION - /home/iut45/Etudiants/o22306517/Bureau/BUT3/Prog3D/canevasTD6/td6.cpp:103
GL_INVALID_OPERATION - /home/iut45/Etudiants/o22306517/Bureau/BUT3/Prog3D/canevasTD6/td6.cpp:103
GL_INVALID_OPERATION - /home/iut45/Etudiants/o22306517/Bureau/BUT3/Prog3D/canevasTD6/td6.cpp:103
GL_INVALID_OPERATION - /home/iut45/Etudiants/o22306517/Bureau/BUT3/Prog3D/canevasTD6/td6.cpp:103
GL_INVALID_OPERATION - /home/iut45/Etudiants/o22306517/Bureau/BUT3/Prog3D/canevasTD6/td6.cpp:103
GL_INVALID_OPERATION - /home/iut45/Etudiants/o22306517/Bureau/BUT3/Prog3D/canevasTD6/td6.cpp:103
GL_INVALID_OPERATION - /home/iut45/Etudiants/o22306517/Bureau/BUT3/Prog3D/canevasTD6/td6.cpp:103
GL_INVALID_OPERATION - /home/iut45/Etudiants/o22306517/Bureau/BUT3/Prog3D/canevasTD6/td6.cpp:103
GL_INVALID_OPERATION - /home/iut45/Etudiants/o22306517/Bureau/BUT3/Prog3D/canevasTD6/td6.cpp:103
GL_INVALID_OPERATION - /home/iut45/Etudiants/o22306517/Bureau/BUT3/Prog3D/canevasTD6/td6.cpp:103
GL_INVALID_OPERATION - /home/iut45/Etudiants/o22306517/Bureau/BUT3/Prog3D/canevasTD6/td6.cpp:103
GL_INVALID_OPERATION - /home/iut45/Etudiants/o22306517/Bureau/BUT3/Prog3D/canevasTD6/td6.cpp:103
GL_INVALID_OPERATION - /home/iut45/Etudiants/o22306517/Bureau/BUT3/Prog3D/canevasTD6/td6.cpp:103
GL_INVALID_OPERATION - /home/iut45/Etudiants/o22306517/Bureau/BUT3/Prog3D/canevasTD6/td6.cpp:103
GL_INVALID_OPERATION - /home/iut45/Etudiants/o22306517/Bureau/BUT3/Prog3D/canevasTD6/td6.cpp:103
GL_INVALID_OPERATION - /home/iut45/Etudiants/o22306517/Bureau/BUT3/Prog3D/canevasTD6/td6.cpp:103
GL_INVALID_OPERATION - /home/iut45/Etudiants/o22306517/Bureau/BUT3/Prog3D/canevasTD6/td6.cpp:103
GL_INVALID_OPERATION - /home/iut45/Etudiants/o22306517/Bureau/BUT3/Prog3D/canevasTD6/td6.cpp:103
GL_INVALID_OPERATION - /home/iut45/Etudiants/o22306517/Bureau/BUT3/Prog3D/canevasTD6/td6.cpp:103
GL_INVALID_OPERATION - /home/iut45/Etudiants/o22306517/Bureau/BUT3/Prog3D/canevasTD6/td6.cpp:103
GL_INVALID_OPERATION - /home/iut45/Etudiants/o22306517/Bureau/BUT3/Prog3D/canevasTD6/td6.cpp:103
GL_INVALID_OPERATION - /home/iut45/Etudiants/o22306517/Bureau/BUT3/Prog3D/canevasTD6/td6.cpp:103
GL_INVALID_OPERATION - /home/iut45/Etudiants/o22306517/Bureau/BUT3/Prog3D/canevasTD6/td6.cpp:103
GL_INVALID_OPERATION - /home/iut45/Etudiants/o22306517/Bureau/BUT3/Prog3D/canevasTD6/td6.cpp:103
GL_INVALID_OPERATION - /home/iut45/Etudiants/o22306517/Bureau/BUT3/Prog3D/canevasTD6/td6.cpp:103
GL_INVALID_OPERATION - /home/iut45/Etudiants/o22306517/Bureau/BUT3/Prog3D/canevasTD6/td6.cpp:103
GL_INVALID_OPERATION - /home/iut45/Etudiants/o22306517/Bureau/BUT3/Prog3D/canevasTD6/td6.cpp:103
GL_INVALID_OPERATION - /home/iut45/Etudiants/o22306517/Bureau/BUT3/Prog3D/canevasTD6/td6.cpp:103
GL_INVALID_OPERATION - /home/iut45/Etudiants/o22306517/Bureau/BUT3/Prog3D/canevasTD6/td6.cpp:103
GL_INVALID_OPERATION - /home/iut45/Etudiants/o22306517/Bureau/BUT3/Prog3D/canevasTD6/td6.cpp:103
GL_INVALID_OPERATION - /home/iut45/Etudiants/o22306517/Bureau/BUT3/Prog3D/canevasTD6/td6.cpp:103
GL_INVALID_OPERATION - /home/iut45/Etudiants/o22306517/Bureau/BUT3/Prog3D/canevasTD6/td6.cpp:103
GL_INVALID_OPERATION - /home/iut45/Etudiants/o22306517/Bureau/BUT3/Prog3D/canevasTD6/td6.cpp:103
GL_INVALID_OPERATION - /home/iut45/Etudiants/o22306517/Bureau/BUT3/Prog3D/canevasTD6/td6.cpp:103
GL_INVALID_OPERATION - /home/iut45/Etudiants/o22306517/Bureau/BUT3/Prog3D/canevasTD6/td6.cpp:103
GL_INVALID_OPERATION - /home/iut45/Etudiants/o22306517/Bureau/BUT3/Prog3D/canevasTD6/td6.cpp:103
GL_INVALID_OPERATION - /home/iut45/Etudiants/o22306517/Bureau/BUT3/Prog3D/canevasTD6/td6.cpp:103
GL_INVALID_OPERATION - /home/iut45/Etudiants/o22306517/Bureau/BUT3/Prog3D/canevasTD6/td6.cpp:103
GL_INVALID_OPERATION - /home/iut45/Etudiants/o22306517/Bureau/BUT3/Prog3D/canevasTD6/td6.cpp:103
GL_INVALID_OPERATION - /home/iut45/Etudiants/o22306517/Bureau/BUT3/Prog3D/canevasTD6/td6.cpp:103
GL_INVALID_OPERATION - /home/iut45/Etudiants/o22306517/Bureau/BUT3/Prog3D/canevasTD6/td6.cpp:103
GL_INVALID_OPERATION - /home/iut45/Etudiants/o22306517/Bureau/BUT3/Prog3D/canevasTD6/td6.cpp:103
GL_INVALID_OPERATION - /home/iut45/Etudiants/o22306517/Bureau/BUT3/Prog3D/canevasTD6/td6.cpp:103
GL_INVALID_OPERATION - /home/iut45/Etudiants/o22306517/Bureau/BUT3/Prog3D/canevasTD6/td6.cpp:103
GL_INVALID_OPERATION - /home/iut45/Etudiants/o22306517/Bureau/BUT3/Prog3D/canevasTD6/td6.cpp:103
GL_INVALID_OPERATION - /home/iut45/Etudiants/o22306517/Bureau/BUT3/Prog3D/canevasTD6/td6.cpp:103
GL_INVALID_OPERATION - /home/iut45/Etudiants/o22306517/Bureau/BUT3/Prog3D/canevasTD6/td6.cpp:103
GL_INVALID_OPERATION - /home/iut45/Etudiants/o22306517/Bureau/BUT3/Prog3D/canevasTD6/td6.cpp:103
GL_INVALID_OPERATION - /home/iut45/Etudiants/o22306517/Bureau/BUT3/Prog3D/canevasTD6/td6.cpp:103
GL_INVALID_OPERATION - /home/iut45/Etudiants/o22306517/Bureau/BUT3/Prog3D/canevasTD6/td6.cpp:103
GL_INVALID_OPERATION - /home/iut45/Etudiants/o22306517/Bureau/BUT3/Prog3D/canevasTD6/td6.cpp:103
GL_INVALID_OPERATION - /home/iut45/Etudiants/o22306517/Bureau/BUT3/Prog3D/canevasTD6/td6.cpp:103
GL_INVALID_OPERATION - /home/iut45/Etudiants/o22306517/Bureau/BUT3/Prog3D/canevasTD6/td6.cpp:103
GL_INVALID_OPERATION - /home/iut45/Etudiants/o22306517/Bureau/BUT3/Prog3D/canevasTD6/td6.cpp:103
GL_INVALID_OPERATION - /home/iut45/Etudiants/o22306517/Bureau/BUT3/Prog3D/canevasTD6/td6.cpp:103
GL_INVALID_OPERATION - /home/iut45/Etudiants/o22306517/Bureau/BUT3/Prog3D/canevasTD6/td6.cpp:103
GL_INVALID_OPERATION - /home/iut45/Etudiants/o22306517/Bureau/BUT3/Prog3D/canevasTD6/td6.cpp:103
GL_INVALID_OPERATION - /home/iut45/Etudiants/o22306517/Bureau/BUT3/Prog3D/canevasTD6/td6.cpp:103
GL_INVALID_OPERATION - /home/iut45/Etudiants/o22306517/Bureau/BUT3/Prog3D/canevasTD6/td6.cpp:103
GL_INVALID_OPERATION - /home/iut45/Etudiants/o22306517/Bureau/BUT3/Prog3D/canevasTD6/td6.cpp:103
GL_INVALID_OPERATION - /home/iut45/Etudiants/o22306517/Bureau/BUT3/Prog3D/canevasTD6/td6.cpp:103
GL_INVALID_OPERATION - /home/iut45/Etudiants/o22306517/Bureau/BUT3/Prog3D/canevasTD6/td6.cpp:103
GL_INVALID_OPERATION - /home/iut45/Etudiants/o22306517/Bureau/BUT3/Prog3D/canevasTD6/td6.cpp:103
GL_INVALID_OPERATION - /home/iut45/Etudiants/o22306517/Bureau/BUT3/Prog3D/canevasTD6/td6.cpp:103
GL_INVALID_OPERATION - /home/iut45/Etudiants/o22306517/Bureau/BUT3/Prog3D/canevasTD6/td6.cpp:103
GL_INVALID_OPERATION - /home/iut45/Etudiants/o22306517/Bureau/BUT3/Prog3D/canevasTD6/td6.cpp:103
GL_INVALID_OPERATION - /home/iut45/Etudiants/o22306517/Bureau/BUT3/Prog3D/canevasTD6/td6.cpp:103
GL_INVALID_OPERATION - /home/iut45/Etudiants/o22306517/Bureau/BUT3/Prog3D/canevasTD6/td6.cpp:103
GL_INVALID_OPERATION - /home/iut45/Etudiants/o22306517/Bureau/BUT3/Prog3D/canevasTD6/td6.cpp:103
GL_INVALID_OPERATION - /home/iut45/Etudiants/o22306517/Bureau/BUT3/Prog3D/canevasTD6/td6.cpp:103
GL_INVALID_OPERATION - /home/iut45/Etudiants/o22306517/Bureau/BUT3/Prog3D/canevasTD6/td6.cpp:103
GL_INVALID_OPERATION - /home/iut45/Etudiants/o22306517/Bureau/BUT3/Prog3D/canevasTD6/td6.cpp:103
GL_INVALID_OPERATION - /home/iut45/Etudiants/o22306517/Bureau/BUT3/Prog3D/canevasTD6/td6.cpp:103
GL_INVALID_OPERATION - /home/iut45/Etudiants/o22306517/Bureau/BUT3/Prog3D/canevasTD6/td6.cpp:103
GL_INVALID_OPERATION - /home/iut45/Etudiants/o22306517/Bureau/BUT3/Prog3D/canevasTD6/td6.cpp:103
GL_INVALID_OPERATION - /home/iut45/Etudiants/o22306517/Bureau/BUT3/Prog3D/canevasTD6/td6.cpp:103
GL_INVALID_OPERATION - /home/iut45/Etudiants/o22306517/Bureau/BUT3/Prog3D/canevasTD6/td6.cpp:103
GL_INVALID_OPERATION - /home/iut45/Etudiants/o22306517/Bureau/BUT3/Prog3D/canevasTD6/td6.cpp:103
GL_INVALID_OPERATION - /home/iut45/Etudiants/o22306517/Bureau/BUT3/Prog3D/canevasTD6/td6.cpp:103
GL_INVALID_OPERATION - /home/iut45/Etudiants/o22306517/Bureau/BUT3/Prog3D/canevasTD6/td6.cpp:103
GL_INVALID_OPERATION - /home/iut45/Etudiants/o22306517/Bureau/BUT3/Prog3D/canevasTD6/td6.cpp:103
GL_INVALID_OPERATION - /home/iut45/Etudiants/o22306517/Bureau/BUT3/Prog3D/canevasTD6/td6.cpp:103
GL_INVALID_OPERATION - /home/iut45/Etudiants/o22306517/Bureau/BUT3/Prog3D/canevasTD6/td6.cpp:103
GL_INVALID_OPERATION - /home/iut45/Etudiants/o22306517/Bureau/BUT3/Prog3D/canevasTD6/td6.cpp:103
GL_INVALID_OPERATION - /home/iut45/Etudiants/o22306517/Bureau/BUT3/Prog3D/canevasTD6/td6.cpp:103
GL_INVALID_OPERATION - /home/iut45/Etudiants/o22306517/Bureau/BUT3/Prog3D/canevasTD6/td6.cpp:103
GL_INVALID_OPERATION - /home/iut45/Etudiants/o22306517/Bureau/BUT3/Prog3D/canevasTD6/td6.cpp:103
GL_INVALID_OPERATION - /home/iut45/Etudiants/o22306517/Bureau/BUT3/Prog3D/canevasTD6/td6.cpp:103
GL_INVALID_OPERATION - /home/iut45/Etudiants/o22306517/Bureau/BUT3/Prog3D/canevasTD6/td6.cpp:103
GL_INVALID_OPERATION - /home/iut45/Etudiants/o22306517/Bureau/BUT3/Prog3D/canevasTD6/td6.cpp:103
GL_INVALID_OPERATION - /home/iut45/Etudiants/o22306517/Bureau/BUT3/Prog3D/canevasTD6/td6.cpp:103
GL_INVALID_OPERATION - /home/iut45/Etudiants/o22306517/Bureau/BUT3/Prog3D/canevasTD6/td6.cpp:103
GL_INVALID_OPERATION - /home/iut45/Etudiants/o22306517/Bureau/BUT3/Prog3D/canevasTD6/td6.cpp:103
GL_INVALID_OPERATION - /home/iut45/Etudiants/o22306517/Bureau/BUT3/Prog3D/canevasTD6/td6.cpp:103
GL_INVALID_OPERATION - /home/iut45/Etudiants/o22306517/Bureau/BUT3/Prog3D/canevasTD6/td6.cpp:103
GL_INVALID_OPERATION - /home/iut45/Etudiants/o22306517/Bureau/BUT3/Prog3D/canevasTD6/td6.cpp:103
GL_INVALID_OPERATION - /home/iut45/Etudiants/o22306517/Bureau/BUT3/Prog3D/canevasTD6/td6.cpp:103
GL_INVALID_OPERATION - /home/iut45/Etudiants/o22306517/Bureau/BUT3/Prog3D/canevasTD6/td6.cpp:103
GL_INVALID_OPERATION - /home/iut45/Etudiants/o22306517/Bureau/BUT3/Prog3D/canevasTD6/td6.cpp:103
GL_INVALID_OPERATION - /home/iut45/Etudiants/o22306517/Bureau/BUT3/Prog3D/canevasTD6/td6.cpp:103
GL_INVALID_OPERATION - /home/iut45/Etudiants/o22306517/Bureau/BUT3/Prog3D/canevasTD6/td6.cpp:103
GL_INVALID_OPERATION - /home/iut45/Etudiants/o22306517/Bureau/BUT3/Prog3D/canevasTD6/td6.cpp:103
GL_INVALID_OPERATION - /home/iut45/Etudiants/o22306517/Bureau/BUT3/Prog3D/canevasTD6/td6.cpp:103
GL_INVALID_OPERATION - /home/iut45/Etudiants/o22306517/Bureau/BUT3/Prog3D/canevasTD6/td6.cpp:103
GL_INVALID_OPERATION - /home/iut45/Etudiants/o22306517/Bureau/BUT3/Prog3D/canevasTD6/td6.cpp:103
GL_INVALID_OPERATION - /home/iut45/Etudiants/o22306517/Bureau/BUT3/Prog3D/canevasTD6/td6.cpp:103
GL_INVALID_OPERATION - /home/iut45/Etudiants/o22306517/Bureau/BUT3/Prog3D/canevasTD6/td6.cpp:103
GL_INVALID_OPERATION - /home/iut45/Etudiants/o22306517/Bureau/BUT3/Prog3D/canevasTD6/td6.cpp:103
GL_INVALID_OPERATION - /home/iut45/Etudiants/o22306517/Bureau/BUT3/Prog3D/canevasTD6/td6.cpp:103
GL_INVALID_OPERATION - /home/iut45/Etudiants/o22306517/Bureau/BUT3/Prog3D/canevasTD6/td6.cpp:103
GL_INVALID_OPERATION - /home/iut45/Etudiants/o22306517/Bureau/BUT3/Prog3D/canevasTD6/td6.cpp:103
GL_INVALID_OPERATION - /home/iut45/Etudiants/o22306517/Bureau/BUT3/Prog3D/canevasTD6/td6.cpp:103
GL_INVALID_OPERATION - /home/iut45/Etudiants/o22306517/Bureau/BUT3/Prog3D/canevasTD6/td6.cpp:103
GL_INVALID_OPERATION - /home/iut45/Etudiants/o22306517/Bureau/BUT3/Prog3D/canevasTD6/td6.cpp:103
GL_INVALID_OPERATION - /home/iut45/Etudiants/o22306517/Bureau/BUT3/Prog3D/canevasTD6/td6.cpp:103
GL_INVALID_OPERATION - /home/iut45/Etudiants/o22306517/Bureau/BUT3/Prog3D/canevasTD6/td6.cpp:103
GL_INVALID_OPERATION - /home/iut45/Etudiants/o22306517/Bureau/BUT3/Prog3D/canevasTD6/td6.cpp:103
GL_INVALID_OPERATION - /home/iut45/Etudiants/o22306517/Bureau/BUT3/Prog3D/canevasTD6/td6.cpp:103
GL_INVALID_OPERATION - /home/iut45/Etudiants/o22306517/Bureau/BUT3/Prog3D/canevasTD6/td6.cpp:103
GL_INVALID_OPERATION - /home/iut45/Etudiants/o22306517/Bureau/BUT3/Prog3D/canevasTD6/td6.cpp:103
GL_INVALID_OPERATION - /home/iut45/Etudiants/o22306517/Bureau/BUT3/Prog3D/canevasTD6/td6.cpp:103
GL_INVALID_OPERATION - /home/iut45/Etudiants/o22306517/Bureau/BUT3/Prog3D/canevasTD6/td6.cpp:103
GL_INVALID_OPERATION - /home/iut45/Etudiants/o22306517/Bureau/BUT3/Prog3D/canevasTD6/td6.cpp:103
GL_INVALID_OPERATION - /home/iut45/Etudiants/o22306517/Bureau/BUT3/Prog3D/canevasTD6/td6.cpp:103
GL_INVALID_OPERATION - /home/iut45/Etudiants/o22306517/Bureau/BUT3/Prog3D/canevasTD6/td6.cpp:103
GL_INVALID_OPERATION - /home/iut45/Etudiants/o22306517/Bureau/BUT3/Prog3D/canevasTD6/td6.cpp:103
GL_INVALID_OPERATION - /home/iut45/Etudiants/o22306517/Bureau/BUT3/Prog3D/canevasTD6/td6.cpp:103
GL_INVALID_OPERATION - /home/iut45/Etudiants/o22306517/Bureau/BUT3/Prog3D/canevasTD6/td6.cpp:103
GL_INVALID_OPERATION - /home/iut45/Etudiants/o22306517/Bureau/BUT3/Prog3D/canevasTD6/td6.cpp:103
GL_INVALID_OPERATION - /home/iut45/Etudiants/o22306517/Bureau/BUT3/Prog3D/canevasTD6/td6.cpp:103
GL_INVALID_OPERATION - /home/iut45/Etudiants/o22306517/Bureau/BUT3/Prog3D/canevasTD6/td6.cpp:103
GL_INVALID_OPERATION - /home/iut45/Etudiants/o22306517/Bureau/BUT3/Prog3D/canevasTD6/td6.cpp:103
GL_INVALID_OPERATION - /home/iut45/Etudiants/o22306517/Bureau/BUT3/Prog3D/canevasTD6/td6.cpp:103
GL_INVALID_OPERATION - /home/iut45/Etudiants/o22306517/Bureau/BUT3/Prog3D/canevasTD6/td6.cpp:103
GL_INVALID_OPERATION - /home/iut45/Etudiants/o22306517/Bureau/BUT3/Prog3D/canevasTD6/td6.cpp:103
GL_INVALID_OPERATION - /home/iut45/Etudiants/o22306517/Bureau/BUT3/Prog3D/canevasTD6/td6.cpp:103
GL_INVALID_OPERATION - /home/iut45/Etudiants/o22306517/Bureau/BUT3/Prog3D/canevasTD6/td6.cpp:103
GL_INVALID_OPERATION - /home/iut45/Etudiants/o22306517/Bureau/BUT3/Prog3D/canevasTD6/td6.cpp:103
GL_INVALID_OPERATION - /home/iut45/Etudiants/o22306517/Bureau/BUT3/Prog3D/canevasTD6/td6.cpp:103
GL_INVALID_OPERATION - /home/iut45/Etudiants/o22306517/Bureau/BUT3/Prog3D/canevasTD6/td6.cpp:103
GL_INVALID_OPERATION - /home/iut45/Etudiants/o22306517/Bureau/BUT3/Prog3D/canevasTD6/td6.cpp:103
GL_INVALID_OPERATION - /home/iut45/Etudiants/o22306517/Bureau/BUT3/Prog3D/canevasTD6/td6.cpp:103
GL_INVALID_OPERATION - /home/iut45/Etudiants/o22306517/Bureau/BUT3/Prog3D/canevasTD6/td6.cpp:103
GL_INVALID_OPERATION - /home/iut45/Etudiants/o22306517/Bureau/BUT3/Prog3D/canevasTD6/td6.cpp:103
GL_INVALID_OPERATION - /home/iut45/Etudiants/o22306517/Bureau/BUT3/Prog3D/canevasTD6/td6.cpp:103
GL_INVALID_OPERATION - /home/iut45/Etudiants/o22306517/Bureau/BUT3/Prog3D/canevasTD6/td6.cpp:103
GL_INVALID_OPERATION - /home/iut45/Etudiants/o22306517/Bureau/BUT3/Prog3D/canevasTD6/td6.cpp:103
GL_INVALID_OPERATION - /home/iut45/Etudiants/o22306517/Bureau/BUT3/Prog3D/canevasTD6/td6.cpp:103
GL_INVALID_OPERATION - /home/iut45/Etudiants/o22306517/Bureau/BUT3/Prog3D/canevasTD6/td6.cpp:103
GL_INVALID_OPERATION - /home/iut45/Etudiants/o22306517/Bureau/BUT3/Prog3D/canevasTD6/td6.cpp:103
GL_INVALID_OPERATION - /home/iut45/Etudiants/o22306517/Bureau/BUT3/Prog3D/canevasTD6/td6.cpp:103
GL_INVALID_OPERATION - /home/iut45/Etudiants/o22306517/Bureau/BUT3/Prog3D/canevasTD6/td6.cpp:103
GL_INVALID_OPERATION - /home/iut45/Etudiants/o22306517/Bureau/BUT3/Prog3D/canevasTD6/td6.cpp:103
GL_INVALID_OPERATION - /home/iut45/Etudiants/o22306517/Bureau/BUT3/Prog3D/canevasTD6/td6.cpp:103
GL_INVALID_OPERATION - /home/iut45/Etudiants/o22306517/Bureau/BUT3/Prog3D/canevasTD6/td6.cpp:103
GL_INVALID_OPERATION - /home/iut45/Etudiants/o22306517/Bureau/BUT3/Prog3D/canevasTD6/td6.cpp:103
GL_INVALID_OPERATION - /home/iut45/Etudiants/o22306517/Bureau/BUT3/Prog3D/canevasTD6/td6.cpp:103
GL_INVALID_OPERATION - /home/iut45/Etudiants/o22306517/Bureau/BUT3/Prog3D/canevasTD6/td6.cpp:103
GL_INVALID_OPERATION - /home/iut45/Etudiants/o22306517/Bureau/BUT3/Prog3D/canevasTD6/td6.cpp:103
GL_INVALID_OPERATION - /home/iut45/Etudiants/o22306517/Bureau/BUT3/Prog3D/canevasTD6/td6.cpp:103
GL_INVALID_OPERATION - /home/iut45/Etudiants/o22306517/Bureau/BUT3/Prog3D/canevasTD6/td6.cpp:103
GL_INVALID_OPERATION - /home/iut45/Etudiants/o22306517/Bureau/BUT3/Prog3D/canevasTD6/td6.cpp:103
GL_INVALID_OPERATION - /home/iut45/Etudiants/o22306517/Bureau/BUT3/Prog3D/canevasTD6/td6.cpp:103
GL_INVALID_OPERATION - /home/iut45/Etudiants/o22306517/Bureau/BUT3/Prog3D/canevasTD6/td6.cpp:103
GL_INVALID_OPERATION - /home/iut45/Etudiants/o22306517/Bureau/BUT3/Prog3D/canevasTD6/td6.cpp:103
GL_INVALID_OPERATION - /home/iut45/Etudiants/o22306517/Bureau/BUT3/Prog3D/canevasTD6/td6.cpp:103
GL_INVALID_OPERATION - /home/iut45/Etudiants/o22306517/Bureau/BUT3/Prog3D/canevasTD6/td6.cpp:103
GL_INVALID_OPERATION - /home/iut45/Etudiants/o22306517/Bureau/BUT3/Prog3D/canevasTD6/td6.cpp:103
GL_INVALID_OPERATION - /home/iut45/Etudiants/o22306517/Bureau/BUT3/Prog3D/canevasTD6/td6.cpp:103
GL_INVALID_OPERATION - /home/iut45/Etudiants/o22306517/Bureau/BUT3/Prog3D/canevasTD6/td6.cpp:103
GL_INVALID_OPERATION - /home/iut45/Etudiants/o22306517/Bureau/BUT3/Prog3D/canevasTD6/td6.cpp:103
GL_INVALID_OPERATION - /home/iut45/Etudiants/o22306517/Bureau/BUT3/Prog3D/canevasTD6/td6.cpp:103
GL_INVALID_OPERATION - /home/iut45/Etudiants/o22306517/Bureau/BUT3/Prog3D/canevasTD6/td6.cpp:103
GL_INVALID_OPERATION - /home/iut45/Etudiants/o22306517/Bureau/BUT3/Prog3D/canevasTD6/td6.cpp:103
GL_INVALID_OPERATION - /home/iut45/Etudiants/o22306517/Bureau/BUT3/Prog3D/canevasTD6/td6.cpp:103
GL_INVALID_OPERATION - /home/iut45/Etudiants/o22306517/Bureau/BUT3/Prog3D/canevasTD6/td6.cpp:103
GL_INVALID_OPERATION - /home/iut45/Etudiants/o22306517/Bureau/BUT3/Prog3D/canevasTD6/td6.cpp:103
GL_INVALID_OPERATION - /home/iut45/Etudiants/o22306517/Bureau/BUT3/Prog3D/canevasTD6/td6.cpp:103
GL_INVALID_OPERATION - /home/iut45/Etudiants/o22306517/Bureau/BUT3/Prog3D/canevasTD6/td6.cpp:103
GL_INVALID_OPERATION - /home/iut45/Etudiants/o22306517/Bureau/BUT3/Prog3D/canevasTD6/td6.cpp:103
GL_INVALID_OPERATION - /home/iut45/Etudiants/o22306517/Bureau/BUT3/Prog3D/canevasTD6/td6.cpp:103
GL_INVALID_OPERATION - /home/iut45/Etudiants/o22306517/Bureau/BUT3/Prog3D/canevasTD6/td6.cpp:103
GL_INVALID_OPERATION - /home/iut45/Etudiants/o22306517/Bureau/BUT3/Prog3D/canevasTD6/td6.cpp:103
GL_INVALID_OPERATION - /home/iut45/Etudiants/o22306517/Bureau/BUT3/Prog3D/canevasTD6/td6.cpp:103
GL_INVALID_OPERATION - /home/iut45/Etudiants/o22306517/Bureau/BUT3/Prog3D/canevasTD6/td6.cpp:103
GL_INVALID_OPERATION - /home/iut45/Etudiants/o22306517/Bureau/BUT3/Prog3D/canevasTD6/td6.cpp:103
GL_INVALID_OPERATION - /home/iut45/Etudiants/o22306517/Bureau/BUT3/Prog3D/canevasTD6/td6.cpp:103
GL_INVALID_OPERATION - /home/iut45/Etudiants/o22306517/Bureau/BUT3/Prog3D/canevasTD6/td6.cpp:103
GL_INVALID_OPERATION - /home/iut45/Etudiants/o22306517/Bureau/BUT3/Prog3D/canevasTD6/td6.cpp:103
GL_INVALID_OPERATION - /home/iut45/Etudiants/o22306517/Bureau/BUT3/Prog3D/canevasTD6/td6.cpp:103
GL_INVALID_OPERATION - /home/iut45/Etudiants/o22306517/Bureau/BUT3/Prog3D/canevasTD6/td6.cpp:103
GL_INVALID_OPERATION - /home/iut45/Etudiants/o22306517/Bureau/BUT3/Prog3D/canevasTD6/td6.cpp:103
GL_INVALID_OPERATION - /home/iut45/Etudiants/o22306517/Bureau/BUT3/Prog3D/canevasTD6/td6.cpp:103
GL_INVALID_OPERATION - /home/iut45/Etudiants/o22306517/Bureau/BUT3/Prog3D/canevasTD6/td6.cpp:103
GL_INVALID_OPERATION - /home/iut45/Etudiants/o22306517/Bureau/BUT3/Prog3D/canevasTD6/td6.cpp:103
GL_INVALID_OPERATION - /home/iut45/Etudiants/o22306517/Bureau/BUT3/Prog3D/canevasTD6/td6.cpp:103
GL_INVALID_OPERATION - /home/iut45/Etudiants/o22306517/Bureau/BUT3/Prog3D/canevasTD6/td6.cpp:103
GL_INVALID_OPERATION - /home/iut45/Etudiants/o22306517/Bureau/BUT3/Prog3D/canevasTD6/td6.cpp:103
GL_INVALID_OPERATION - /home/iut45/Etudiants/o22306517/Bureau/BUT3/Prog3D/canevasTD6/td6.cpp:103
GL_INVALID_OPERATION - /home/iut45/Etudiants/o22306517/Bureau/BUT3/Prog3D/canevasTD6/td6.cpp:103
GL_INVALID_OPERATION - /home/iut45/Etudiants/o22306517/Bureau/BUT3/Prog3D/canevasTD6/td6.cpp:103
GL_INVALID_OPERATION - /home/iut45/Etudiants/o22306517/Bureau/BUT3/Prog3D/canevasTD6/td6.cpp:103
GL_INVALID_OPERATION - /home/iut45/Etudiants/o22306517/Bureau/BUT3/Prog3D/canevasTD6/td6.cpp:103
GL_INVALID_OPERATION - /home/iut45/Etudiants/o22306517/Bureau/BUT3/Prog3D/canevasTD6/td6.cpp:103
GL_INVALID_OPERATION - /home/iut45/Etudiants/o22306517/Bureau/BUT3/Prog3D/canevasTD6/td6.cpp:103
GL_INVALID_OPERATION - /home/iut45/Etudiants/o22306517/Bureau/BUT3/Prog3D/canevasTD6/td6.cpp:103
GL_INVALID_OPERATION - /home/iut45/Etudiants/o22306517/Bureau/BUT3/Prog3D/canevasTD6/td6.cpp:103
GL_INVALID_OPERATION - /home/iut45/Etudiants/o22306517/Bureau/BUT3/Prog3D/canevasTD6/td6.cpp:103
GL_INVALID_OPERATION - /home/iut45/Etudiants/o22306517/Bureau/BUT3/Prog3D/canevasTD6/td6.cpp:103
GL_INVALID_OPERATION - /home/iut45/Etudiants/o22306517/Bureau/BUT3/Prog3D/canevasTD6/td6.cpp:103
GL_INVALID_OPERATION - /home/iut45/Etudiants/o22306517/Bureau/BUT3/Prog3D/canevasTD6/td6.cpp:103
GL_INVALID_OPERATION - /home/iut45/Etudiants/o22306517/Bureau/BUT3/Prog3D/canevasTD6/td6.cpp:103
GL_INVALID_OPERATION - /home/iut45/Etudiants/o22306517/Bureau/BUT3/Prog3D/canevasTD6/td6.cpp:103
GL_INVALID_OPERATION - /home/iut45/Etudiants/o22306517/Bureau/BUT3/Prog3D/canevasTD6/td6.cpp:103
GL_INVALID_OPERATION - /home/iut45/Etudiants/o22306517/Bureau/BUT3/Prog3D/canevasTD6/td6.cpp:103
GL_INVALID_OPERATION - /home/iut45/Etudiants/o22306517/Bureau/BUT3/Prog3D/canevasTD6/td6.cpp:103
GL_INVALID_OPERATION - /home/iut45/Etudiants/o22306517/Bureau/BUT3/Prog3D/canevasTD6/td6.cpp:103
GL_INVALID_OPERATION - /home/iut45/Etudiants/o22306517/Bureau/BUT3/Prog3D/canevasTD6/td6.cpp:103
GL_INVALID_OPERATION - /home/iut45/Etudiants/o22306517/Bureau/BUT3/Prog3D/canevasTD6/td6.cpp:103
GL_INVALID_OPERATION - /home/iut45/Etudiants/o22306517/Bureau/BUT3/Prog3D/canevasTD6/td6.cpp:103
GL_INVALID_OPERATION - /home/iut45/Etudiants/o22306517/Bureau/BUT3/Prog3D/canevasTD6/td6.cpp:103
GL_INVALID_OPERATION - /home/iut45/Etudiants/o22306517/Bureau/BUT3/Prog3D/canevasTD6/td6.cpp:103
GL_INVALID_OPERATION - /home/iut45/Etudiants/o22306517/Bureau/BUT3/Prog3D/canevasTD6/td6.cpp:103
GL_INVALID_OPERATION - /home/iut45/Etudiants/o22306517/Bureau/BUT3/Prog3D/canevasTD6/td6.cpp:103
GL_INVALID_OPERATION - /home/iut45/Etudiants/o22306517/Bureau/BUT3/Prog3D/canevasTD6/td6.cpp:103
GL_INVALID_OPERATION - /home/iut45/Etudiants/o22306517/Bureau/BUT3/Prog3D/canevasTD6/td6.cpp:103
GL_INVALID_OPERATION - /home/iut45/Etudiants/o22306517/Bureau/BUT3/Prog3D/canevasTD6/td6.cpp:103
GL_INVALID_OPERATION - /home/iut45/Etudiants/o22306517/Bureau/BUT3/Prog3D/canevasTD6/td6.cpp:103
GL_INVALID_OPERATION - /home/iut45/Etudiants/o22306517/Bureau/BUT3/Prog3D/canevasTD6/td6.cpp:103
GL_INVALID_OPERATION - /home/iut45/Etudiants/o22306517/Bureau/BUT3/Prog3D/canevasTD6/td6.cpp:103
GL_INVALID_OPERATION - /home/iut45/Etudiants/o22306517/Bureau/BUT3/Prog3D/canevasTD6/td6.cpp:103
GL_INVALID_OPERATION - /home/iut45/Etudiants/o22306517/Bureau/BUT3/Prog3D/canevasTD6/td6.cpp:103
GL_INVALID_OPERATION - /home/iut45/Etudiants/o22306517/Bureau/BUT3/Prog3D/canevasTD6/td6.cpp:103
GL_INVALID_OPERATION - /home/iut45/Etudiants/o22306517/Bureau/BUT3/Prog3D/canevasTD6/td6.cpp:103
GL_INVALID_OPERATION - /home/iut45/Etudiants/o22306517/Bureau/BUT3/Prog3D/canevasTD6/td6.cpp:103
GL_INVALID_OPERATION - /home/iut45/Etudiants/o22306517/Bureau/BUT3/Prog3D/canevasTD6/td6.cpp:103
GL_INVALID_OPERATION - /home/iut45/Etudiants/o22306517/Bureau/BUT3/Prog3D/canevasTD6/td6.cpp:103
GL_INVALID_OPERATION - /home/iut45/Etudiants/o22306517/Bureau/BUT3/Prog3D/canevasTD6/td6.cpp:103
GL_INVALID_OPERATION - /home/iut45/Etudiants/o22306517/Bureau/BUT3/Prog3D/canevasTD6/td6.cpp:103
GL_INVALID_OPERATION - /home/iut45/Etudiants/o22306517/Bureau/BUT3/Prog3D/canevasTD6/td6.cpp:103
GL_INVALID_OPERATION - /home/iut45/Etudiants/o22306517/Bureau/BUT3/Prog3D/canevasTD6/td6.cpp:103
GL_INVALID_OPERATION - /home/iut45/Etudiants/o22306517/Bureau/BUT3/Prog3D/canevasTD6/td6.cpp:103
GL_INVALID_OPERATION - /home/iut45/Etudiants/o22306517/Bureau/BUT3/Prog3D/canevasTD6/td6.cpp:103
GL_INVALID_OPERATION - /home/iut45/Etudiants/o22306517/Bureau/BUT3/Prog3D/canevasTD6/td6.cpp:103
GL_INVALID_OPERATION - /home/iut45/Etudiants/o22306517/Bureau/BUT3/Prog3D/canevasTD6/td6.cpp:103
GL_INVALID_OPERATION - /home/iut45/Etudiants/o22306517/Bureau/BUT3/Prog3D/canevasTD6/td6.cpp:103
GL_INVALID_OPERATION - /home/iut45/Etudiants/o22306517/Bureau/BUT3/Prog3D/canevasTD6/td6.cpp:103
GL_INVALID_OPERATION - /home/iut45/Etudiants/o22306517/Bureau/BUT3/Prog3D/canevasTD6/td6.cpp:103
GL_INVALID_OPERATION - /home/iut45/Etudiants/o22306517/Bureau/BUT3/Prog3D/canevasTD6/td6.cpp:103
GL_INVALID_OPERATION - /home/iut45/Etudiants/o22306517/Bureau/BUT3/Prog3D/canevasTD6/td6.cpp:103
GL_INVALID_OPERATION - /home/iut45/Etudiants/o22306517/Bureau/BUT3/Prog3D/canevasTD6/td6.cpp:103
GL_INVALID_OPERATION - /home/iut45/Etudiants/o22306517/Bureau/BUT3/Prog3D/canevasTD6/td6.cpp:103
GL_INVALID_OPERATION - /home/iut45/Etudiants/o22306517/Bureau/BUT3/Prog3D/canevasTD6/td6.cpp:103
GL_INVALID_OPERATION - /home/iut45/Etudiants/o22306517/Bureau/BUT3/Prog3D/canevasTD6/td6.cpp:103
GL_INVALID_OPERATION - /home/iut45/Etudiants/o22306517/Bureau/BUT3/Prog3D/canevasTD6/td6.cpp:103
GL_INVALID_OPERATION - /home/iut45/Etudiants/o22306517/Bureau/BUT3/Prog3D/canevasTD6/td6.cpp:103
GL_INVALID_OPERATION - /home/iut45/Etudiants/o22306517/Bureau/BUT3/Prog3D/canevasTD6/td6.cpp:103
GL_INVALID_OPERATION - /home/iut45/Etudiants/o22306517/Bureau/BUT3/Prog3D/canevasTD6/td6.cpp:103
GL_INVALID_OPERATION - /home/iut45/Etudiants/o22306517/Bureau/BUT3/Prog3D/canevasTD6/td6.cpp:103
GL_INVALID_OPERATION - /home/iut45/Etudiants/o22306517/Bureau/BUT3/Prog3D/canevasTD6/td6.cpp:103
GL_INVALID_OPERATION - /home/iut45/Etudiants/o22306517/Bureau/BUT3/Prog3D/canevasTD6/td6.cpp:103
GL_INVALID_OPERATION - /home/iut45/Etudiants/o22306517/Bureau/BUT3/Prog3D/canevasTD6/td6.cpp:103
GL_INVALID_OPERATION - /home/iut45/Etudiants/o22306517/Bureau/BUT3/Prog3D/canevasTD6/td6.cpp:103
GL_INVALID_OPERATION - /home/iut45/Etudiants/o22306517/Bureau/BUT3/Prog3D/canevasTD6/td6.cpp:103
GL_INVALID_OPERATION - /home/iut45/Etudiants/o22306517/Bureau/BUT3/Prog3D/canevasTD6/td6.cpp:103
GL_INVALID_OPERATION - /home/iut45/Etudiants/o22306517/Bureau/BUT3/Prog3D/canevasTD6/td6.cpp:103
GL_INVALID_OPERATION - /home/iut45/Etudiants/o22306517/Bureau/BUT3/Prog3D/canevasTD6/td6.cpp:103
GL_INVALID_OPERATION - /home/iut45/Etudiants/o22306517/Bureau/BUT3/Prog3D/canevasTD6/td6.cpp:103
GL_INVALID_OPERATION - /home/iut45/Etudiants/o22306517/Bureau/BUT3/Prog3D/canevasTD6/td6.cpp:103
GL_INVALID_OPERATION - /home/iut45/Etudiants/o22306517/Bureau/BUT3/Prog3D/canevasTD6/td6.cpp:103
GL_INVALID_OPERATION - /home/iut45/Etudiants/o22306517/Bureau/BUT3/Prog3D/canevasTD6/td6.cpp:103
GL_INVALID_OPERATION - /home/iut45/Etudiants/o22306517/Bureau/BUT3/Prog3D/canevasTD6/td6.cpp:103
GL_INVALID_OPERATION - /home/iut45/Etudiants/o22306517/Bureau/BUT3/Prog3D/canevasTD6/td6.cpp:103
GL_INVALID_OPERATION - /home/iut45/Etudiants/o22306517/Bureau/BUT3/Prog3D/canevasTD6/td6.cpp:103
GL_INVALID_OPERATION - /home/iut45/Etudiants/o22306517/Bureau/BUT3/Prog3D/canevasTD6/td6.cpp:103
GL_INVALID_OPERATION - /home/iut45/Etudiants/o22306517/Bureau/BUT3/Prog3D/canevasTD6/td6.cpp:103
GL_INVALID_OPERATION - /home/iut45/Etudiants/o22306517/Bureau/BUT3/Prog3D/canevasTD6/td6.cpp:103
GL_INVALID_OPERATION - /home/iut45/Etudiants/o22306517/Bureau/BUT3/Prog3D/canevasTD6/td6.cpp:103
GL_INVALID_OPERATION - /home/iut45/Etudiants/o22306517/Bureau/BUT3/Prog3D/canevasTD6/td6.cpp:103
GL_INVALID_OPERATION - /home/iut45/Etudiants/o22306517/Bureau/BUT3/Prog3D/canevasTD6/td6.cpp:103
GL_INVALID_OPERATION - /home/iut45/Etudiants/o22306517/Bureau/BUT3/Prog3D/canevasTD6/td6.cpp:103
GL_INVALID_OPERATION - /home/iut45/Etudiants/o22306517/Bureau/BUT3/Prog3D/canevasTD6/td6.cpp:103
GL_INVALID_OPERATION - /home/iut45/Etudiants/o22306517/Bureau/BUT3/Prog3D/canevasTD6/td6.cpp:103
GL_INVALID_OPERATION - /home/iut45/Etudiants/o22306517/Bureau/BUT3/Prog3D/canevasTD6/td6.cpp:103
GL_INVALID_OPERATION - /home/iut45/Etudiants/o22306517/Bureau/BUT3/Prog3D/canevasTD6/td6.cpp:103
GL_INVALID_OPERATION - /home/iut45/Etudiants/o22306517/Bureau/BUT3/Prog3D/canevasTD6/td6.cpp:103
GL_INVALID_OPERATION - /home/iut45/Etudiants/o22306517/Bureau/BUT3/Prog3D/canevasTD6/td6.cpp:103
GL_INVALID_OPERATION - /home/iut45/Etudiants/o22306517/Bureau/BUT3/Prog3D/canevasTD6/td6.cpp:103
GL_INVALID_OPERATION - /home/iut45/Etudiants/o22306517/Bureau/BUT3/Prog3D/canevasTD6/td6.cpp:103
GL_INVALID_OPERATION - /home/iut45/Etudiants/o22306517/Bureau/BUT3/Prog3D/canevasTD6/td6.cpp:103
GL_INVALID_OPERATION - /home/iut45/Etudiants/o22306517/Bureau/BUT3/Prog3D/canevasTD6/td6.cpp:103
GL_INVALID_OPERATION - /home/iut45/Etudiants/o22306517/Bureau/BUT3/Prog3D/canevasTD6/td6.cpp:103
GL_INVALID_OPERATION - /home/iut45/Etudiants/o22306517/Bureau/BUT3/Prog3D/canevasTD6/td6.cpp:103
GL_INVALID_OPERATION - /home/iut45/Etudiants/o22306517/Bureau/BUT3/Prog3D/canevasTD6/td6.cpp:103
GL_INVALID_OPERATION - /home/iut45/Etudiants/o22306517/Bureau/BUT3/Prog3D/canevasTD6/td6.cpp:103
GL_INVALID_OPERATION - /home/iut45/Etudiants/o22306517/Bureau/BUT3/Prog3D/canevasTD6/td6.cpp:103
GL_INVALID_OPERATION - /home/iut45/Etudiants/o22306517/Bureau/BUT3/Prog3D/canevasTD6/td6.cpp:103
GL_INVALID_OPERATION - /home/iut45/Etudiants/o22306517/Bureau/BUT3/Prog3D/canevasTD6/td6.cpp:103
GL_INVALID_OPERATION - /home/iut45/Etudiants/o22306517/Bureau/BUT3/Prog3D/canevasTD6/td6.cpp:103
GL_INVALID_OPERATION - /home/iut45/Etudiants/o22306517/Bureau/BUT3/Prog3D/canevasTD6/td6.cpp:103
GL_INVALID_OPERATION - /home/iut45/Etudiants/o22306517/Bureau/BUT3/Prog3D/canevasTD6/td6.cpp:103
GL_INVALID_OPERATION - /home/iut45/Etudiants/o22306517/Bureau/BUT3/Prog3D/canevasTD6/td6.cpp:103
GL_INVALID_OPERATION - /home/iut45/Etudiants/o22306517/Bureau/BUT3/Prog3D/canevasTD6/td6.cpp:103
GL_INVALID_OPERATION - /home/iut45/Etudiants/o22306517/Bureau/BUT3/Prog3D/canevasTD6/td6.cpp:103
GL_INVALID_OPERATION - /home/iut45/Etudiants/o22306517/Bureau/BUT3/Prog3D/canevasTD6/td6.cpp:103
GL_INVALID_OPERATION - /home/iut45/Etudiants/o22306517/Bureau/BUT3/Prog3D/canevasTD6/td6.cpp:103
GL_INVALID_OPERATION - /home/iut45/Etudiants/o22306517/Bureau/BUT3/Prog3D/canevasTD6/td6.cpp:103
GL_INVALID_OPERATION - /home/iut45/Etudiants/o22306517/Bureau/BUT3/Prog3D/canevasTD6/td6.cpp:103
GL_INVALID_OPERATION - /home/iut45/Etudiants/o22306517/Bureau/BUT3/Prog3D/canevasTD6/td6.cpp:103
GL_INVALID_OPERATION - /home/iut45/Etudiants/o22306517/Bureau/BUT3/Prog3D/canevasTD6/td6.cpp:103
GL_INVALID_OPERATION - /home/iut45/Etudiants/o22306517/Bureau/BUT3/Prog3D/canevasTD6/td6.cpp:103
GL_INVALID_OPERATION - /home/iut45/Etudiants/o22306517/Bureau/BUT3/Prog3D/canevasTD6/td6.cpp:103
GL_INVALID_OPERATION - /home/iut45/Etudiants/o22306517/Bureau/BUT3/Prog3D/canevasTD6/td6.cpp:103
GL_INVALID_OPERATION - /home/iut45/Etudiants/o22306517/Bureau/BUT3/Prog3D/canevasTD6/td6.cpp:103
GL_INVALID_OPERATION - /home/iut45/Etudiants/o22306517/Bureau/BUT3/Prog3D/canevasTD6/td6.cpp:103
GL_INVALID_OPERATION - /home/iut45/Etudiants/o22306517/Bureau/BUT3/Prog3D/canevasTD6/td6.cpp:103
GL_INVALID_OPERATION - /home/iut45/Etudiants/o22306517/Bureau/BUT3/Prog3D/canevasTD6/td6.cpp:103
GL_INVALID_OPERATION - /home/iut45/Etudiants/o22306517/Bureau/BUT3/Prog3D/canevasTD6/td6.cpp:103
GL_INVALID_OPERATION - /home/iut45/Etudiants/o22306517/Bureau/BUT3/Prog3D/canevasTD6/td6.cpp:103
GL_INVALID_OPERATION - /home/iut45/Etudiants/o22306517/Bureau/BUT3/Prog3D/canevasTD6/td6.cpp:103
GL_INVALID_OPERATION - /home/iut45/Etudiants/o22306517/Bureau/BUT3/Prog3D/canevasTD6/td6.cpp:103
GL_INVALID_OPERATION - /home/iut45/Etudiants/o22306517/Bureau/BUT3/Prog3D/canevasTD6/td6.cpp:103
GL_INVALID_OPERATION - /home/iut45/Etudiants/o22306517/Bureau/BUT3/Prog3D/canevasTD6/td6.cpp:103
GL_INVALID_OPERATION - /home/iut45/Etudiants/o22306517/Bureau/BUT3/Prog3D/canevasTD6/td6.cpp:103
GL_INVALID_OPERATION - /home/iut45/Etudiants/o22306517/Bureau/BUT3/Prog3D/canevasTD6/td6.cpp:103
GL_INVALID_OPERATION - /home/iut45/Etudiants/o22306517/Bureau/BUT3/Prog3D/canevasTD6/td6.cpp:103
GL_INVALID_OPERATION - /home/iut45/Etudiants/o22306517/Bureau/BUT3/Prog3D/canevasTD6/td6.cpp:103
GL_INVALID_OPERATION - /home/iut45/Etudiants/o22306517/Bureau/BUT3/Prog3D/canevasTD6/td6.cpp:103
GL_INVALID_OPERATION - /home/iut45/Etudiants/o22306517/Bureau/BUT3/Prog3D/canevasTD6/td6.cpp:103
GL_INVALID_OPERATION - /home/iut45/Etudiants/o22306517/Bureau/BUT3/Prog3D/canevasTD6/td6.cpp:103
GL_INVALID_OPERATION - /home/iut45/Etudiants/o22306517/Bureau/BUT3/Prog3D/canevasTD6/td6.cpp:103
GL_INVALID_OPERATION - /home/iut45/Etudiants/o22306517/Bureau/BUT3/Prog3D/canevasTD6/td6.cpp:103
GL_INVALID_OPERATION - /home/iut45/Etudiants/o22306517/Bureau/BUT3/Prog3D/canevasTD6/td6.cpp:103
GL_INVALID_OPERATION - /home/iut45/Etudiants/o22306517/Bureau/BUT3/Prog3D/canevasTD6/td6.cpp:103
GL_INVALID_OPERATION - /home/iut45/Etudiants/o22306517/Bureau/BUT3/Prog3D/canevasTD6/td6.cpp:103
GL_INVALID_OPERATION - /home/iut45/Etudiants/o22306517/Bureau/BUT3/Prog3D/canevasTD6/td6.cpp:103
GL_INVALID_OPERATION - /home/iut45/Etudiants/o22306517/Bureau/BUT3/Prog3D/canevasTD6/td6.cpp:103
GL_INVALID_OPERATION - /home/iut45/Etudiants/o22306517/Bureau/BUT3/Prog3D/canevasTD6/td6.cpp:103
GL_INVALID_OPERATION - /home/iut45/Etudiants/o22306517/Bureau/BUT3/Prog3D/canevasTD6/td6.cpp:103
GL_INVALID_OPERATION - /home/iut45/Etudiants/o22306517/Bureau/BUT3/Prog3D/canevasTD6/td6.cpp:103
GL_INVALID_OPERATION - /home/iut45/Etudiants/o22306517/Bureau/BUT3/Prog3D/canevasTD6/td6.cpp:103
GL_INVALID_OPERATION - /home/iut45/Etudiants/o22306517/Bureau/BUT3/Prog3D/canevasTD6/td6.cpp:103
GL_INVALID_OPERATION - /home/iut45/Etudiants/o22306517/Bureau/BUT3/Prog3D/canevasTD6/td6.cpp:103
GL_INVALID_OPERATION - /home/iut45/Etudiants/o22306517/Bureau/BUT3/Prog3D/canevasTD6/td6.cpp:103
GL_INVALID_OPERATION - /home/iut45/Etudiants/o22306517/Bureau/BUT3/Prog3D/canevasTD6/td6.cpp:103
GL_INVALID_OPERATION - /home/iut45/Etudiants/o22306517/Bureau/BUT3/Prog3D/canevasTD6/td6.cpp:103
GL_INVALID_OPERATION - /home/iut45/Etudiants/o22306517/Bureau/BUT3/Prog3D/canevasTD6/td6.cpp:103
GL_INVALID_OPERATION - /home/iut45/Etudiants/o22306517/Bureau/BUT3/Prog3D/canevasTD6/td6.cpp:103
GL_INVALID_OPERATION - /home/iut45/Etudiants/o22306517/Bureau/BUT3/Prog3D/canevasTD6/td6.cpp:103
GL_INVALID_OPERATION - /home/iut45/Etudiants/o22306517/Bureau/BUT3/Prog3D/canevasTD6/td6.cpp:103
GL_INVALID_OPERATION - /home/iut45/Etudiants/o22306517/Bureau/BUT3/Prog3D/canevasTD6/td6.cpp:103
GL_INVALID_OPERATION - /home/iut45/Etudiants/o22306517/Bureau/BUT3/Prog3D/canevasTD6/td6.cpp:103
GL_INVALID_OPERATION - /home/iut45/Etudiants/o22306517/Bureau/BUT3/Prog3D/canevasTD6/td6.cpp:103
GL_INVALID_OPERATION - /home/iut45/Etudiants/o22306517/Bureau/BUT3/Prog3D/canevasTD6/td6.cpp:103
GL_INVALID_OPERATION - /home/iut45/Etudiants/o22306517/Bureau/BUT3/Prog3D/canevasTD6/td6.cpp:103
GL_INVALID_OPERATION - /home/iut45/Etudiants/o22306517/Bureau/BUT3/Prog3D/canevasTD6/td6.cpp:103
GL_INVALID_OPERATION - /home/iut45/Etudiants/o22306517/Bureau/BUT3/Prog3D/canevasTD6/td6.cpp:103
GL_INVALID_OPERATION - /home/iut45/Etudiants/o22306517/Bureau/BUT3/Prog3D/canevasTD6/td6.cpp:103
GL_INVALID_OPERATION - /home/iut45/Etudiants/o22306517/Bureau/BUT3/Prog3D/canevasTD6/td6.cpp:103
GL_INVALID_OPERATION - /home/iut45/Etudiants/o22306517/Bureau/BUT3/Prog3D/canevasTD6/td6.cpp:103
GL_INVALID_OPERATION - /home/iut45/Etudiants/o22306517/Bureau/BUT3/Prog3D/canevasTD6/td6.cpp:103
GL_INVALID_OPERATION - /home/iut45/Etudiants/o22306517/Bureau/BUT3/Prog3D/canevasTD6/td6.cpp:103
GL_INVALID_OPERATION - /home/iut45/Etudiants/o22306517/Bureau/BUT3/Prog3D/canevasTD6/td6.cpp:103
GL_INVALID_OPERATION - /home/iut45/Etudiants/o22306517/Bureau/BUT3/Prog3D/canevasTD6/td6.cpp:103
GL_INVALID_OPERATION - /home/iut45/Etudiants/o22306517/Bureau/BUT3/Prog3D/canevasTD6/td6.cpp:103
GL_INVALID_OPERATION - /home/iut45/Etudiants/o22306517/Bureau/BUT3/Prog3D/canevasTD6/td6.cpp:103
GL_INVALID_OPERATION - /home/iut45/Etudiants/o22306517/Bureau/BUT3/Prog3D/canevasTD6/td6.cpp:103
GL_INVALID_OPERATION - /home/iut45/Etudiants/o22306517/Bureau/BUT3/Prog3D/canevasTD6/td6.cpp:103
GL_INVALID_OPERATION - /home/iut45/Etudiants/o22306517/Bureau/BUT3/Prog3D/canevasTD6/td6.cpp:103
GL_INVALID_OPERATION - /home/iut45/Etudiants/o22306517/Bureau/BUT3/Prog3D/canevasTD6/td6.cpp:103
GL_INVALID_OPERATION - /home/iut45/Etudiants/o22306517/Bureau/BUT3/Prog3D/canevasTD6/td6.cpp:103
GL_INVALID_OPERATION - /home/iut45/Etudiants/o22306517/Bureau/BUT3/Prog3D/canevasTD6/td6.cpp:103
GL_INVALID_OPERATION - /home/iut45/Etudiants/o22306517/Bureau/BUT3/Prog3D/canevasTD6/td6.cpp:103
GL_INVALID_OPERATION - /home/iut45/Etudiants/o22306517/Bureau/BUT3/Prog3D/canevasTD6/td6.cpp:103
GL_INVALID_OPERATION - /home/iut45/Etudiants/o22306517/Bureau/BUT3/Prog3D/canevasTD6/td6.cpp:103
GL_INVALID_OPERATION - /home/iut45/Etudiants/o22306517/Bureau/BUT3/Prog3D/canevasTD6/td6.cpp:103
GL_INVALID_OPERATION - /home/iut45/Etudiants/o22306517/Bureau/BUT3/Prog3D/canevasTD6/td6.cpp:103
GL_INVALID_OPERATION - /home/iut45/Etudiants/o22306517/Bureau/BUT3/Prog3D/canevasTD6/td6.cpp:103
GL_INVALID_OPERATION - /home/iut45/Etudiants/o22306517/Bureau/BUT3/Prog3D/canevasTD6/td6.cpp:103
GL_INVALID_OPERATION - /home/iut45/Etudiants/o22306517/Bureau/BUT3/Prog3D/canevasTD6/td6.cpp:103
GL_INVALID_OPERATION - /home/iut45/Etudiants/o22306517/Bureau/BUT3/Prog3D/canevasTD6/td6.cpp:103
GL_INVALID_OPERATION - /home/iut45/Etudiants/o22306517/Bureau/BUT3/Prog3D/canevasTD6/td6.cpp:103
GL_INVALID_OPERATION - /home/iut45/Etudiants/o22306517/Bureau/BUT3/Prog3D/canevasTD6/td6.cpp:103
GL_INVALID_OPERATION - /home/iut45/Etudiants/o22306517/Bureau/BUT3/Prog3D/canevasTD6/td6.cpp:103
GL_INVALID_OPERATION - /home/iut45/Etudiants/o22306517/Bureau/BUT3/Prog3D/canevasTD6/td6.cpp:103
GL_INVALID_OPERATION - /home/iut45/Etudiants/o22306517/Bureau/BUT3/Prog3D/canevasTD6/td6.cpp:103
GL_INVALID_OPERATION - /home/iut45/Etudiants/o22306517/Bureau/BUT3/Prog3D/canevasTD6/td6.cpp:103
GL_INVALID_OPERATION - /home/iut45/Etudiants/o22306517/Bureau/BUT3/Prog3D/canevasTD6/td6.cpp:103
GL_INVALID_OPERATION - /home/iut45/Etudiants/o22306517/Bureau/BUT3/Prog3D/canevasTD6/td6.cpp:103
GL_INVALID_OPERATION - /home/iut45/Etudiants/o22306517/Bureau/BUT3/Prog3D/canevasTD6/td6.cpp:103
GL_INVALID_OPERATION - /home/iut45/Etudiants/o22306517/Bureau/BUT3/Prog3D/canevasTD6/td6.cpp:103
GL_INVALID_OPERATION - /home/iut45/Etudiants/o22306517/Bureau/BUT3/Prog3D/canevasTD6/td6.cpp:103
GL_INVALID_OPERATION - /home/iut45/Etudiants/o22306517/Bureau/BUT3/Prog3D/canevasTD6/td6.cpp:103
GL_INVALID_OPERATION - /home/iut45/Etudiants/o22306517/Bureau/BUT3/Prog3D/canevasTD6/td6.cpp:103
GL_INVALID_OPERATION - /home/iut45/Etudiants/o22306517/Bureau/BUT3/Prog3D/canevasTD6/td6.cpp:103
GL_INVALID_OPERATION - /home/iut45/Etudiants/o22306517/Bureau/BUT3/Prog3D/canevasTD6/td6.cpp:103
GL_INVALID_OPERATION - /home/iut45/Etudiants/o22306517/Bureau/BUT3/Prog3D/canevasTD6/td6.cpp:103
GL_INVALID_OPERATION - /home/iut45/Etudiants/o22306517/Bureau/BUT3/Prog3D/canevasTD6/td6.cpp:103
GL_INVALID_OPERATION - /home/iut45/Etudiants/o22306517/Bureau/BUT3/Prog3D/canevasTD6/td6.cpp:103
GL_INVALID_OPERATION - /home/iut45/Etudiants/o22306517/Bureau/BUT3/Prog3D/canevasTD6/td6.cpp:103
[...]
GL_INVALID_OPERATION - /home/iut45/Etudiants/o22306517/Bureau/BUT3/Prog3D/canevasTD6/td6.cpp:103
GL_INVALID_OPERATION - /home/iut45/Etudiants/o22306517/Bureau/BUT3/Prog3D/canevasTD6/td6.cpp:103
GL_INVALID_OPERATION - /home/iut45/Etudiants/o22306517/Bureau/BUT3/Prog3D/canevasTD6/td6.cpp:103
GL_INVALID_OPERATION - /home/iut45/Etudiants/o22306517/Bureau/BUT3/Prog3D/canevasTD6/td6.cpp:103
GL_INVALID_OPERATION - /home/iut45/Etudiants/o22306517/Bureau/BUT3/Prog3D/canevasTD6/td6.cpp:103
GL_INVALID_OPERATION - /home/iut45/Etudiants/o22306517/Bureau/BUT3/Prog3D/canevasTD6/td6.cpp:103
GL_INVALID_OPERATION - /home/iut45/Etudiants/o22306517/Bureau/BUT3/Prog3D/canevasTD6/td6.cpp:103
GL_INVALID_OPERATION - /home/iut45/Etudiants/o22306517/Bureau/BUT3/Prog3D/canevasTD6/td6.cpp:103
GL_INVALID_OPERATION - /home/iut45/Etudiants/o22306517/Bureau/BUT3/Prog3D/canevasTD6/td6.cpp:103
GL_INVALID_OPERATION - /home/iut45/Etudiants/o22306517/Bureau/BUT3/Prog3D/canevasTD6/td6.cpp:103
GL_INVALID_OPERATION - /home/iut45/Etudiants/o22306517/Bureau/BUT3/Prog3D/canevasTD6/td6.cpp:103
GL_INVALID_OPERATION - /home/iut45/Etudiants/o22306517/Bureau/BUT3/Prog3D/canevasTD6/td6.cpp:103
GL_INVALID_OPERATION - /home/iut45/Etudiants/o22306517/Bureau/BUT3/Prog3D/canevasTD6/td6.cpp:103
GL_INVALID_OPERATION - /home/iut45/Etudiants/o22306517/Bureau/BUT3/Prog3D/canevasTD6/td6.cpp:103
GL_INVALID_OPERATION - /home/iut45/Etudiants/o22306517/Bureau/BUT3/Prog3D/canevasTD6/td6.cpp:103
GL_INVALID_OPERATION - /home/iut45/Etudiants/o22306517/Bureau/BUT3/Prog3D/canevasTD6/td6.cpp:103
GL_INVALID_OPERATION - /home/iut45/Etudiants/o22306517/Bureau/BUT3/Prog3D/canevasTD6/td6.cpp:103
GL_INVALID_OPERATION - /home/iut45/Etudiants/o22306517/Bureau/BUT3/Prog3D/canevasTD6/td6.cpp:103
GL_INVALID_OPERATION - /home/iut45/Etudiants/o22306517/Bureau/BUT3/Prog3D/canevasTD6/td6.cpp:103
GL_INVALID_OPERATION - /home/iut45/Etudiants/o22306517/Bureau/BUT3/Prog3D/canevasTD6/td6.cpp:103
GL_INVALID_OPERATION - /home/iut45/Etudiants/o22306517/Bureau/BUT3/Prog3D/canevasTD6/td6.cpp:103
GL_INVALID_OPERATION - /home/iut45/Etudiants/o22306517/Bureau/BUT3/Prog3D/canevasTD6/td6.cpp:103
GL_INVALID_OPERATION - /home/iut45/Etudiants/o22306517/Bureau/BUT3/Prog3D/canevasTD6/td6.cpp:103
GL_INVALID_OPERATION - /home/iut45/Etudiants/o22306517/Bureau/BUT3/Prog3D/canevasTD6/td6.cpp:103
GL_INVALID_OPERATION - /home/iut45/Etudiants/o22306517/Bureau/BUT3/Prog3D/canevasTD6/td6.cpp:103
GL_INVALID_OPERATION - /home/iut45/Etudiants/o22306517/Bureau/BUT3/Prog3D/canevasTD6/td6.cpp:103
GL_INVALID_OPERATION - /home/iut45/Etudiants/o22306517/Bureau/BUT3/Prog3D/canevasTD6/td6.cpp:103
GL_INVALID_OPERATION - /home/iut45/Etudiants/o22306517/Bureau/BUT3/Prog3D/canevasTD6/td6.cpp:103
GL_INVALID_OPERATION - /home/iut45/Etudiants/o22306517/Bureau/BUT3/Prog3D/canevasTD6/td6.cpp:103
GL_INVALID_OPERATION - /home/iut45/Etudiants/o22306517/Bureau/BUT3/Prog3D/canevasTD6/td6.cpp:103
GL_INVALID_OPERATION - /home/iut45/Etudiants/o22306517/Bureau/BUT3/Prog3D/canevasTD6/td6.cpp:103
GL_INVALID_OPERATION - /home/iut45/Etudiants/o22306517/Bureau/BUT3/Prog3D/canevasTD6/td6.cpp:103
GL_INVALID_OPERATION - /home/iut45/Etudiants/o22306517/Bureau/BUT3/Prog3D/canevasTD6/td6.cpp:103
GL_INVALID_OPERATION - /home/iut45/Etudiants/o22306517/Bureau/BUT3/Prog3D/canevasTD6/td6.cpp:103
GL_INVALID_OPERATION - /home/iut45/Etudiants/o22306517/Bureau/BUT3/Prog3D/canevasTD6/td6.cpp:103
GL_INVALID_OPERATION - /home/iut45/Etudiants/o22306517/Bureau/BUT3/Prog3D/canevasTD6/td6.cpp:103
GL_INVALID_OPERATION - /home/iut45/Etudiants/o22306517/Bureau/BUT3/Prog3D/canevasTD6/td6.cpp:103
GL_INVALID_OPERATION - /home/iut45/Etudiants/o22306517/Bureau/BUT3/Prog3D/canevasTD6/td6.cpp:103
GL_INVALID_OPERATION - /home/iut45/Etudiants/o22306517/Bureau/BUT3/Prog3D/canevasTD6/td6.cpp:103
GL_INVALID_OPERATION - /home/iut45/Etudiants/o22306517/Bureau/BUT3/Prog3D/canevasTD6/td6.cpp:103
GL_INVALID_OPERATION - /home/iut45/Etudiants/o22306517/Bureau/BUT3/Prog3D/canevasTD6/td6.cpp:103
GL_INVALID_OPERATION - /home/iut45/Etudiants/o22306517/Bureau/BUT3/Prog3D/canevasTD6/td6.cpp:103
GL_INVALID_OPERATION - /home/iut45/Etudiants/o22306517/Bureau/BUT3/Prog3D/canevasTD6/td6.cpp:103
GL_INVALID_OPERATION - /home/iut45/Etudiants/o22306517/Bureau/BUT3/Prog3D/canevasTD6/td6.cpp:103
GL_INVALID_OPERATION - /home/iut45/Etudiants/o22306517/Bureau/BUT3/Prog3D/canevasTD6/td6.cpp:103
GL_INVALID_OPERATION - /home/iut45/Etudiants/o22306517/Bureau/BUT3/Prog3D/canevasTD6/td6.cpp:103
GL_INVALID_OPERATION - /home/iut45/Etudiants/o22306517/Bureau/BUT3/Prog3D/canevasTD6/td6.cpp:103
GL_INVALID_OPERATION - /home/iut45/Etudiants/o22306517/Bureau/BUT3/Prog3D/canevasTD6/td6.cpp:103
GL_INVALID_OPERATION - /home/iut45/Etudiants/o22306517/Bureau/BUT3/Prog3D/canevasTD6/td6.cpp:103
GL_INVALID_OPERATION - /home/iut45/Etudiants/o22306517/Bureau/BUT3/Prog3D/canevasTD6/td6.cpp:103
GL_INVALID_OPERATION - /home/iut45/Etudiants/o22306517/Bureau/BUT3/Prog3D/canevasTD6/td6.cpp:103
GL_INVALID_OPERATION - /home/iut45/Etudiants/o22306517/Bureau/BUT3/Prog3D/canevasTD6/td6.cpp:103
GL_INVALID_OPERATION - /home/iut45/Etudiants/o22306517/Bureau/BUT3/Prog3D/canevasTD6/td6.cpp:103
GL_INVALID_OPERATION - /home/iut45/Etudiants/o22306517/Bureau/BUT3/Prog3D/canevasTD6/td6.cpp:103
GL_INVALID_OPERATION - /home/iut45/Etudiants/o22306517/Bureau/BUT3/Prog3D/canevasTD6/td6.cpp:103
GL_INVALID_OPERATION - /home/iut45/Etudiants/o22306517/Bureau/BUT3/Prog3D/canevasTD6/td6.cpp:103
GL_INVALID_OPERATION - /home/iut45/Etudiants/o22306517/Bureau/BUT3/Prog3D/canevasTD6/td6.cpp:103
GL_INVALID_OPERATION - /home/iut45/Etudiants/o22306517/Bureau/BUT3/Prog3D/canevasTD6/td6.cpp:103
GL_INVALID_OPERATION - /home/iut45/Etudiants/o22306517/Bureau/BUT3/Prog3D/canevasTD6/td6.cpp:103
GL_INVALID_OPERATION - /home/iut45/Etudiants/o22306517/Bureau/BUT3/Prog3D/canevasTD6/td6.cpp:103
GL_INVALID_OPERATION - /home/iut45/Etudiants/o22306517/Bureau/BUT3/Prog3D/canevasTD6/td6.cpp:103
GL_INVALID_OPERATION - /home/iut45/Etudiants/o22306517/Bureau/BUT3/Prog3D/canevasTD6/td6.cpp:103
GL_INVALID_OPERATION - /home/iut45/Etudiants/o22306517/Bureau/BUT3/Prog3D/canevasTD6/td6.cpp:103
GL_INVALID_OPERATION - /home/iut45/Etudiants/o22306517/Bureau/BUT3/Prog3D/canevasTD6/td6.cpp:103
GL_INVALID_OPERATION - /home/iut45/Etudiants/o22306517/Bureau/BUT3/Prog3D/canevasTD6/td6.cpp:103
GL_INVALID_OPERATION - /home/iut45/Etudiants/o22306517/Bureau/BUT3/Prog3D/canevasTD6/td6.cpp:103
GL_INVALID_OPERATION - /home/iut45/Etudiants/o22306517/Bureau/BUT3/Prog3D/canevasTD6/td6.cpp:103
GL_INVALID_OPERATION - /home/iut45/Etudiants/o22306517/Bureau/BUT3/Prog3D/canevasTD6/td6.cpp:103
GL_INVALID_OPERATION - /home/iut45/Etudiants/o22306517/Bureau/BUT3/Prog3D/canevasTD6/td6.cpp:103
GL_INVALID_OPERATION - /home/iut45/Etudiants/o22306517/Bureau/BUT3/Prog3D/canevasTD6/td6.cpp:103
GL_INVALID_OPERATION - /home/iut45/Etudiants/o22306517/Bureau/BUT3/Prog3D/canevasTD6/td6.cpp:103
GL_INVALID_OPERATION - /home/iut45/Etudiants/o22306517/Bureau/BUT3/Prog3D/canevasTD6/td6.cpp:103
GL_INVALID_OPERATION - /home/iut45/Etudiants/o22306517/Bureau/BUT3/Prog3D/canevasTD6/td6.cpp:103
GL_INVALID_OPERATION - /home/iut45/Etudiants/o22306517/Bureau/BUT3/Prog3D/canevasTD6/td6.cpp:103
GL_INVALID_OPERATION - /home/iut45/Etudiants/o22306517/Bureau/BUT3/Prog3D/canevasTD6/td6.cpp:103
GL_INVALID_OPERATION - /home/iut45/Etudiants/o22306517/Bureau/BUT3/Prog3D/canevasTD6/td6.cpp:103
GL_INVALID_OPERATION - /home/iut45/Etudiants/o22306517/Bureau/BUT3/Prog3D/canevasTD6/td6.cpp:103
GL_INVALID_OPERATION - /home/iut45/Etudiants/o22306517/Bureau/BUT3/Prog3D/canevasTD6/td6.cpp:103
GL_INVALID_OPERATION - /home/iut45/Etudiants/o22306517/Bureau/BUT3/Prog3D/canevasTD6/td6.cpp:103
GL_INVALID_OPERATION - /home/iut45/Etudiants/o22306517/Bureau/BUT3/Prog3D/canevasTD6/td6.cpp:103
GL_INVALID_OPERATION - /home/iut45/Etudiants/o22306517/Bureau/BUT3/Prog3D/canevasTD6/td6.cpp:103
GL_INVALID_OPERATION - /home/iut45/Etudiants/o22306517/Bureau/BUT3/Prog3D/canevasTD6/td6.cpp:103
GL_INVALID_OPERATION - /home/iut45/Etudiants/o22306517/Bureau/BUT3/Prog3D/canevasTD6/td6.cpp:103
GL_INVALID_OPERATION - /home/iut45/Etudiants/o22306517/Bureau/BUT3/Prog3D/canevasTD6/td6.cpp:103
GL_INVALID_OPERATION - /home/iut45/Etudiants/o22306517/Bureau/BUT3/Prog3D/canevasTD6/td6.cpp:103
GL_INVALID_OPERATION - /home/iut45/Etudiants/o22306517/Bureau/BUT3/Prog3D/canevasTD6/td6.cpp:103
GL_INVALID_OPERATION - /home/iut45/Etudiants/o22306517/Bureau/BUT3/Prog3D/canevasTD6/td6.cpp:103
GL_INVALID_OPERATION - /home/iut45/Etudiants/o22306517/Bureau/BUT3/Prog3D/canevasTD6/td6.cpp:103
GL_INVALID_OPERATION - /home/iut45/Etudiants/o22306517/Bureau/BUT3/Prog3D/canevasTD6/td6.cpp:103
GL_INVALID_OPERATION - /home/iut45/Etudiants/o22306517/Bureau/BUT3/Prog3D/canevasTD6/td6.cpp:103
GL_INVALID_OPERATION - /home/iut45/Etudiants/o22306517/Bureau/BUT3/Prog3D/canevasTD6/td6.cpp:103
GL_INVALID_OPERATION - /home/iut45/Etudiants/o22306517/Bureau/BUT3/Prog3D/canevasTD6/td6.cpp:103
GL_INVALID_OPERATION - /home/iut45/Etudiants/o22306517/Bureau/BUT3/Prog3D/canevasTD6/td6.cpp:103
GL_INVALID_OPERATION - /home/iut45/Etudiants/o22306517/Bureau/BUT3/Prog3D/canevasTD6/td6.cpp:103
GL_INVALID_OPERATION - /home/iut45/Etudiants/o22306517/Bureau/BUT3/Prog3D/canevasTD6/td6.cpp:103
GL_INVALID_OPERATION - /home/iut45/Etudiants/o22306517/Bureau/BUT3/Prog3D/canevasTD6/td6.cpp:103
GL_INVALID_OPERATION - /home/iut45/Etudiants/o22306517/Bureau/BUT3/Prog3D/canevasTD6/td6.cpp:103
GL_INVALID_OPERATION - /home/iut45/Etudiants/o22306517/Bureau/BUT3/Prog3D/canevasTD6/td6.cpp:103
GL_INVALID_OPERATION - /home/iut45/Etudiants/o22306517/Bureau/BUT3/Prog3D/canevasTD6/td6.cpp:103
GL_INVALID_OPERATION - /home/iut45/Etudiants/o22306517/Bureau/BUT3/Prog3D/canevasTD6/td6.cpp:103
GL_INVALID_OPERATION - /home/iut45/Etudiants/o22306517/Bureau/BUT3/Prog3D/canevasTD6/td6.cpp:103
GL_INVALID_OPERATION - /home/iut45/Etudiants/o22306517/Bureau/BUT3/Prog3D/canevasTD6/td6.cpp:103
GL_INVALID_OPERATION - /home/iut45/Etudiants/o22306517/Bureau/BUT3/Prog3D/canevasTD6/td6.cpp:103
GL_INVALID_OPERATION - /home/iut45/Etudiants/o22306517/Bureau/BUT3/Prog3D/canevasTD6/td6.cpp:103
GL_INVALID_OPERATION - /home/iut45/Etudiants/o22306517/Bureau/BUT3/Prog3D/canevasTD6/td6.cpp:103
GL_INVALID_OPERATION - /home/iut45/Etudiants/o22306517/Bureau/BUT3/Prog3D/canevasTD6/td6.cpp:103
GL_INVALID_OPERATION - /home/iut45/Etudiants/o22306517/Bureau/BUT3/Prog3D/canevasTD6/td6.cpp:103
GL_INVALID_OPERATION - /home/iut45/Etudiants/o22306517/Bureau/BUT3/Prog3D/canevasTD6/td6.cpp:103
GL_INVALID_OPERATION - /home/iut45/Etudiants/o22306517/Bureau/BUT3/Prog3D/canevasTD6/td6.cpp:103
GL_INVALID_OPERATION - /home/iut45/Etudiants/o22306517/Bureau/BUT3/Prog3D/canevasTD6/td6.cpp:103
GL_INVALID_OPERATION - /home/iut45/Etudiants/o22306517/Bureau/BUT3/Prog3D/canevasTD6/td6.cpp:103
GL_INVALID_OPERATION - /home/iut45/Etudiants/o22306517/Bureau/BUT3/Prog3D/canevasTD6/td6.cpp:103
GL_INVALID_OPERATION - /home/iut45/Etudiants/o22306517/Bureau/BUT3/Prog3D/canevasTD6/td6.cpp:103
GL_INVALID_OPERATION - /home/iut45/Etudiants/o22306517/Bureau/BUT3/Prog3D/canevasTD6/td6.cpp:103
GL_INVALID_OPERATION - /home/iut45/Etudiants/o22306517/Bureau/BUT3/Prog3D/canevasTD6/td6.cpp:103
GL_INVALID_OPERATION - /home/iut45/Etudiants/o22306517/Bureau/BUT3/Prog3D/canevasTD6/td6.cpp:103
GL_INVALID_OPERATION - /home/iut45/Etudiants/o22306517/Bureau/BUT3/Prog3D/canevasTD6/td6.cpp:103
GL_INVALID_OPERATION - /home/iut45/Etudiants/o22306517/Bureau/BUT3/Prog3D/canevasTD6/td6.cpp:103
GL_INVALID_OPERATION - /home/iut45/Etudiants/o22306517/Bureau/BUT3/Prog3D/canevasTD6/td6.cpp:103
GL_INVALID_OPERATION - /home/iut45/Etudiants/o22306517/Bureau/BUT3/Prog3D/canevasTD6/td6.cpp:103
GL_INVALID_OPERATION - /home/iut45/Etudiants/o22306517/Bureau/BUT3/Prog3D/canevasTD6/td6.cpp:103
GL_INVALID_OPERATION - /home/iut45/Etudiants/o22306517/Bureau/BUT3/Prog3D/canevasTD6/td6.cpp:103
GL_INVALID_OPERATION - /home/iut45/Etudiants/o22306517/Bureau/BUT3/Prog3D/canevasTD6/td6.cpp:103
GL_INVALID_OPERATION - /home/iut45/Etudiants/o22306517/Bureau/BUT3/Prog3D/canevasTD6/td6.cpp:103
GL_INVALID_OPERATION - /home/iut45/Etudiants/o22306517/Bureau/BUT3/Prog3D/canevasTD6/td6.cpp:103
GL_INVALID_OPERATION - /home/iut45/Etudiants/o22306517/Bureau/BUT3/Prog3D/canevasTD6/td6.cpp:103
GL_INVALID_OPERATION - /home/iut45/Etudiants/o22306517/Bureau/BUT3/Prog3D/canevasTD6/td6.cpp:103
GL_INVALID_OPERATION - /home/iut45/Etudiants/o22306517/Bureau/BUT3/Prog3D/canevasTD6/td6.cpp:103
GL_INVALID_OPERATION - /home/iut45/Etudiants/o22306517/Bureau/BUT3/Prog3D/canevasTD6/td6.cpp:103
GL_INVALID_OPERATION - /home/iut45/Etudiants/o22306517/Bureau/BUT3/Prog3D/canevasTD6/td6.cpp:103
GL_INVALID_OPERATION - /home/iut45/Etudiants/o22306517/Bureau/BUT3/Prog3D/canevasTD6/td6.cpp:103
GL_INVALID_OPERATION - /home/iut45/Etudiants/o22306517/Bureau/BUT3/Prog3D/canevasTD6/td6.cpp:103
GL_INVALID_OPERATION - /home/iut45/Etudiants/o22306517/Bureau/BUT3/Prog3D/canevasTD6/td6.cpp:103
GL_INVALID_OPERATION - /home/iut45/Etudiants/o22306517/Bureau/BUT3/Prog3D/canevasTD6/td6.cpp:103
GL_INVALID_OPERATION - /home/iut45/Etudiants/o22306517/Bureau/BUT3/Prog3D/canevasTD6/td6.cpp:103
GL_INVALID_OPERATION - /home/iut45/Etudiants/o22306517/Bureau/BUT3/Prog3D/canevasTD6/td6.cpp:103
GL_INVALID_OPERATION - /home/iut45/Etudiants/o22306517/Bureau/BUT3/Prog3D/canevasTD6/td6.cpp:103
GL_INVALID_OPERATION - /home/iut45/Etudiants/o22306517/Bureau/BUT3/Prog3D/canevasTD6/td6.cpp:103
GL_INVALID_OPERATION - /home/iut45/Etudiants/o22306517/Bureau/BUT3/Prog3D/canevasTD6/td6.cpp:103
GL_INVALID_OPERATION - /home/iut45/Etudiants/o22306517/Bureau/BUT3/Prog3D/canevasTD6/td6.cpp:103
GL_INVALID_OPERATION - /home/iut45/Etudiants/o22306517/Bureau/BUT3/Prog3D/canevasTD6/td6.cpp:103
GL_INVALID_OPERATION - /home/iut45/Etudiants/o22306517/Bureau/BUT3/Prog3D/canevasTD6/td6.cpp:103
GL_INVALID_OPERATION - /home/iut45/Etudiants/o22306517/Bureau/BUT3/Prog3D/canevasTD6/td6.cpp:103
GL_INVALID_OPERATION - /home/iut45/Etudiants/o22306517/Bureau/BUT3/Prog3D/canevasTD6/td6.cpp:103
GL_INVALID_OPERATION - /home/iut45/Etudiants/o22306517/Bureau/BUT3/Prog3D/canevasTD6/td6.cpp:103
GL_INVALID_OPERATION - /home/iut45/Etudiants/o22306517/Bureau/BUT3/Prog3D/canevasTD6/td6.cpp:103
GL_INVALID_OPERATION - /home/iut45/Etudiants/o22306517/Bureau/BUT3/Prog3D/canevasTD6/td6.cpp:103
GL_INVALID_OPERATION - /home/iut45/Etudiants/o22306517/Bureau/BUT3/Prog3D/canevasTD6/td6.cpp:103
GL_INVALID_OPERATION - /home/iut45/Etudiants/o22306517/Bureau/BUT3/Prog3D/canevasTD6/td6.cpp:103
GL_INVALID_OPERATION - /home/iut45/Etudiants/o22306517/Bureau/BUT3/Prog3D/canevasTD6/td6.cpp:103
GL_INVALID_OPERATION - /home/iut45/Etudiants/o22306517/Bureau/BUT3/Prog3D/canevasTD6/td6.cpp:103
GL_INVALID_OPERATION - /home/iut45/Etudiants/o22306517/Bureau/BUT3/Prog3D/canevasTD6/td6.cpp:103
GL_INVALID_OPERATION - /home/iut45/Etudiants/o22306517/Bureau/BUT3/Prog3D/canevasTD6/td6.cpp:103
GL_INVALID_OPERATION - /home/iut45/Etudiants/o22306517/Bureau/BUT3/Prog3D/canevasTD6/td6.cpp:103
GL_INVALID_OPERATION - /home/iut45/Etudiants/o22306517/Bureau/BUT3/Prog3D/canevasTD6/td6.cpp:103
GL_INVALID_OPERATION - /home/iut45/Etudiants/o22306517/Bureau/BUT3/Prog3D/canevasTD6/td6.cpp:103
GL_INVALID_OPERATION - /home/iut45/Etudiants/o22306517/Bureau/BUT3/Prog3D/canevasTD6/td6.cpp:103
GL_INVALID_OPERATION - /home/iut45/Etudiants/o22306517/Bureau/BUT3/Prog3D/canevasTD6/td6.cpp:103
GL_INVALID_OPERATION - /home/iut45/Etudiants/o22306517/Bureau/BUT3/Prog3D/canevasTD6/td6.cpp:103
GL_INVALID_OPERATION - /home/iut45/Etudiants/o22306517/Bureau/BUT3/Prog3D/canevasTD6/td6.cpp:103
GL_INVALID_OPERATION - /home/iut45/Etudiants/o22306517/Bureau/BUT3/Prog3D/canevasTD6/td6.cpp:103
GL_INVALID_OPERATION - /home/iut45/Etudiants/o22306517/Bureau/BUT3/Prog3D/canevasTD6/td6.cpp:103
GL_INVALID_OPERATION - /home/iut45/Etudiants/o22306517/Bureau/BUT3/Prog3D/canevasTD6/td6.cpp:103
GL_INVALID_OPERATION - /home/iut45/Etudiants/o22306517/Bureau/BUT3/Prog3D/canevasTD6/td6.cpp:103
GL_INVALID_OPERATION - /home/iut45/Etudiants/o22306517/Bureau/BUT3/Prog3D/canevasTD6/td6.cpp:103
GL_INVALID_OPERATION - /home/iut45/Etudiants/o22306517/Bureau/BUT3/Prog3D/canevasTD6/td6.cpp:103
GL_INVALID_OPERATION - /home/iut45/Etudiants/o22306517/Bureau/BUT3/Prog3D/canevasTD6/td6.cpp:103
GL_INVALID_OPERATION - /home/iut45/Etudiants/o22306517/Bureau/BUT3/Prog3D/canevasTD6/td6.cpp:103
GL_INVALID_OPERATION - /home/iut45/Etudiants/o22306517/Bureau/BUT3/Prog3D/canevasTD6/td6.cpp:103
GL_INVALID_OPERATION - /home/iut45/Etudiants/o22306517/Bureau/BUT3/Prog3D/canevasTD6/td6.cpp:103
GL_INVALID_OPERATION - /home/iut45/Etudiants/o22306517/Bureau/BUT3/Prog3D/canevasTD6/td6.cpp:103
GL_INVALID_OPERATION - /home/iut45/Etudiants/o22306517/Bureau/BUT3/Prog3D/canevasTD6/td6.cpp:103
GL_INVALID_OPERATION - /home/iut45/Etudiants/o22306517/Bureau/BUT3/Prog3D/canevasTD6/td6.cpp:103
GL_INVALID_OPERATION - /home/iut45/Etudiants/o22306517/Bureau/BUT3/Prog3D/canevasTD6/td6.cpp:103
GL_INVALID_OPERATION - /home/iut45/Etudiants/o22306517/Bureau/BUT3/Prog3D/canevasTD6/td6.cpp:103
GL_INVALID_OPERATION - /home/iut45/Etudiants/o22306517/Bureau/BUT3/Prog3D/canevasTD6/td6.cpp:103
GL_INVALID_OPERATION - /home/iut45/Etudiants/o22306517/Bureau/BUT3/Prog3D/canevasTD6/td6.cpp:103
GL_INVALID_OPERATION - /home/iut45/Etudiants/o22306517/Bureau/BUT3/Prog3D/canevasTD6/td6.cpp:103
GL_INVALID_OPERATION - /home/iut45/Etudiants/o22306517/Bureau/BUT3/Prog3D/canevasTD6/td6.cpp:103
GL_INVALID_OPERATION - /home/iut45/Etudiants/o22306517/Bureau/BUT3/Prog3D/canevasTD6/td6.cpp:103
GL_INVALID_OPERATION - /home/iut45/Etudiants/o22306517/Bureau/BUT3/Prog3D/canevasTD6/td6.cpp:103
GL_INVALID_OPERATION - /home/iut45/Etudiants/o22306517/Bureau/BUT3/Prog3D/canevasTD6/td6.cpp:103
GL_INVALID_OPERATION - /home/iut45/Etudiants/o22306517/Bureau/BUT3/Prog3D/canevasTD6/td6.cpp:103
GL_INVALID_OPERATION - /home/iut45/Etudiants/o22306517/Bureau/BUT3/Prog3D/canevasTD6/td6.cpp:103
GL_INVALID_OPERATION - /home/iut45/Etudiants/o22306517/Bureau/BUT3/Prog3D/canevasTD6/td6.cpp:103
GL_INVALID_OPERATION - /home/iut45/Etudiants/o22306517/Bureau/BUT3/Prog3D/canevasTD6/td6.cpp:103
GL_INVALID_OPERATION - /home/iut45/Etudiants/o22306517/Bureau/BUT3/Prog3D/canevasTD6/td6.cpp:103
GL_INVALID_OPERATION - /home/iut45/Etudiants/o22306517/Bureau/BUT3/Prog3D/canevasTD6/td6.cpp:103
GL_INVALID_OPERATION - /home/iut45/Etudiants/o22306517/Bureau/BUT3/Prog3D/canevasTD6/td6.cpp:103
GL_INVALID_OPERATION - /home/iut45/Etudiants/o22306517/Bureau/BUT3/Prog3D/canevasTD6/td6.cpp:103
GL_INVALID_OPERATION - /home/iut45/Etudiants/o22306517/Bureau/BUT3/Prog3D/canevasTD6/td6.cpp:103
GL_INVALID_OPERATION - /home/iut45/Etudiants/o22306517/Bureau/BUT3/Prog3D/canevasTD6/td6.cpp:103
GL_INVALID_OPERATION - /home/iut45/Etudiants/o22306517/Bureau/BUT3/Prog3D/canevasTD6/td6.cpp:103
GL_INVALID_OPERATION - /home/iut45/Etudiants/o22306517/Bureau/BUT3/Prog3D/canevasTD6/td6.cpp:103
GL_INVALID_OPERATION - /home/iut45/Etudiants/o22306517/Bureau/BUT3/Prog3D/canevasTD6/td6.cpp:103
GL_INVALID_OPERATION - /home/iut45/Etudiants/o22306517/Bureau/BUT3/Prog3D/canevasTD6/td6.cpp:103
GL_INVALID_OPERATION - /home/iut45/Etudiants/o22306517/Bureau/BUT3/Prog3D/canevasTD6/td6.cpp:103
GL_INVALID_OPERATION - /home/iut45/Etudiants/o22306517/Bureau/BUT3/Prog3D/canevasTD6/td6.cpp:103
GL_INVALID_OPERATION - /home/iut45/Etudiants/o22306517/Bureau/BUT3/Prog3D/canevasTD6/td6.cpp:103
GL_INVALID_OPERATION - /home/iut45/Etudiants/o22306517/Bureau/BUT3/Prog3D/canevasTD6/td6.cpp:103
GL_INVALID_OPERATION - /home/iut45/Etudiants/o22306517/Bureau/BUT3/Prog3D/canevasTD6/td6.cpp:103
GL_INVALID_OPERATION - /home/iut45/Etudiants/o22306517/Bureau/BUT3/Prog3D/canevasTD6/td6.cpp:103
GL_INVALID_OPERATION - /home/iut45/Etudiants/o22306517/Bureau/BUT3/Prog3D/canevasTD6/td6.cpp:103
<end of output>
Test time =   2.96 sec
----------------------------------------------------------
Test Passed.
"SimpleTest" end time: Jan 16 13:33 CET
"SimpleTest" time elapsed: 00:00:02
----------------------------------------------------------

End testing: Jan 16 13:33 CET
