Start testing: Dec 01 14:15 CET
----------------------------------------------------------
1/1 Testing: SimpleTest
1/1 Test: SimpleTest
Command: "/home/iut45/Etudiants/o22306517/Bureau/BUT3/Prog3D/TDDepart/b/td"
Directory: /home/iut45/Etudiants/o22306517/Bureau/BUT3/Prog3D/TDDepart/b
"SimpleTest" start time: Dec 01 14:15 CET
Output:
----------------------------------------------------------
reshape
display
display
display
display
display
display
display
display
display
display
display
display
display
display
display
display
display
display
display
display
display
display
display
display
display
display
display
display
display
display
display
display
display
display
display
display
display
display
display
display
display
display
display
display
display
display
display
display
display
display
display
display
display
display
display
display
display
display
display
display
display
display
display
display
display
display
display
display
display
display
display
display
display
display
display
display
display
display
display
display
display
display
display
display
display
display
display
display
display
display
display
display
display
display
display
display
display
display
display
display
display
display
display
display
display
display
display
display
display
display
display
display
display
display
display
display
display
display
display
display
display
display
display
display
display
display
display
display
display
display
display
display
display
display
display
display
display
display
display
display
display
display
display
display
display
display
display
display
display
display
display
display
display
display
display
display
display
display
display
display
display
display
display
display
display
display
display
display
display
display
display
display
display
display
display
display
display
display
display
display
display
display
display
display
display
display
display
display
display
display
display
display
display
display
display
display
display
display
display
display
display
display
display
display
display
display
display
display
display
display
display
display
display
display
display
display
display
display
display
display
display
display
display
display
display
display
display
display
display
display
display
display
display
display
display
display
display
display
display
display
display
display
display
display
display
display
display
display
display
display
display
display
display
display
display
display
display
display
display
display
display
display
display
display
display
display
display
display
display
display
display
display
display
display
display
display
display
display
display
display
display
display
display
display
display
display
display
display
display
display
display
display
display
display
display
display
display
display
display
display
display
display
display
display
display
display
display
display
display
display
display
display
display
display
display
display
display
display
display
display
display
display
display
display
display
display
display
display
display
display
display
display
display
display
display
display
display
display
display
display
display
display
display
display
display
display
display
display
display
display
display
display
display
display
display
display
display
display
display
display
display
display
display
display
display
display
display
display
display
display
display
display
display
display
display
display
display
display
display
display
display
display
display
display
display
display
display
display
display
display
display
display
display
display
display
display
display
display
display
display
display
display
display
display
display
display
display
display
display
display
display
display
display
display
display
display
display
display
display
display
display
display
display
display
display
display
display
display
display
display
display
display
display
display
display
display
display
display
display
display
display
display
display
display
display
display
display
display
display
display
display
display
display
display
display
display
display
display
display
display
display
display
display
display
display
display
display
display
display
display
display
display
display
display
display
display
display
display
display
display
display
display
display
display
display
display
display
<end of output>
Test time =   8.01 sec
----------------------------------------------------------
Test Passed.
"SimpleTest" end time: Dec 01 14:15 CET
"SimpleTest" time elapsed: 00:00:08
----------------------------------------------------------

End testing: Dec 01 14:15 CET
