-------------------------------------------------------------------------------
Test set: library.LibraryAppTest
-------------------------------------------------------------------------------
Tests run: 5, Failures: 0, Errors: 4, Skipped: 0, Time elapsed: 0.029 s <<< FAILURE! -- in library.LibraryAppTest
library.LibraryAppTest.unknownMenuOption -- Time elapsed: 0.003 s <<< ERROR!
java.util.NoSuchElementException: No line found
	at java.base/java.util.Scanner.nextLine(Scanner.java:1660)
	at library.LibraryApp.main(LibraryApp.java:20)
	at library.LibraryAppTest.runApp(LibraryAppTest.java:35)
	at library.LibraryAppTest.unknownMenuOption(LibraryAppTest.java:85)
	at java.base/java.lang.reflect.Method.invoke(Method.java:580)
	at java.base/java.util.ArrayList.forEach(ArrayList.java:1596)
	at java.base/java.util.ArrayList.forEach(ArrayList.java:1596)

library.LibraryAppTest.addAndListBook -- Time elapsed: 0.001 s <<< ERROR!
java.util.NoSuchElementException: No line found
	at java.base/java.util.Scanner.nextLine(Scanner.java:1660)
	at library.LibraryApp.main(LibraryApp.java:20)
	at library.LibraryAppTest.runApp(LibraryAppTest.java:35)
	at library.LibraryAppTest.addAndListBook(LibraryAppTest.java:40)
	at java.base/java.lang.reflect.Method.invoke(Method.java:580)
	at java.base/java.util.ArrayList.forEach(ArrayList.java:1596)
	at java.base/java.util.ArrayList.forEach(ArrayList.java:1596)

library.LibraryAppTest.borrowUnknownBook -- Time elapsed: 0.001 s <<< ERROR!
java.util.NoSuchElementException: No line found
	at java.base/java.util.Scanner.nextLine(Scanner.java:1660)
	at library.LibraryApp.main(LibraryApp.java:20)
	at library.LibraryAppTest.runApp(LibraryAppTest.java:35)
	at library.LibraryAppTest.borrowUnknownBook(LibraryAppTest.java:65)
	at java.base/java.lang.reflect.Method.invoke(Method.java:580)
	at java.base/java.util.ArrayList.forEach(ArrayList.java:1596)
	at java.base/java.util.ArrayList.forEach(ArrayList.java:1596)

library.LibraryAppTest.borrowAndReturnBook -- Time elapsed: 0.001 s <<< ERROR!
java.util.NoSuchElementException: No line found
	at java.base/java.util.Scanner.nextLine(Scanner.java:1660)
	at library.LibraryApp.main(LibraryApp.java:20)
	at library.LibraryAppTest.runApp(LibraryAppTest.java:35)
	at library.LibraryAppTest.borrowAndReturnBook(LibraryAppTest.java:54)
	at java.base/java.lang.reflect.Method.invoke(Method.java:580)
	at java.base/java.util.ArrayList.forEach(ArrayList.java:1596)
	at java.base/java.util.ArrayList.forEach(ArrayList.java:1596)

