<?xml version="1.0" encoding="UTF-8"?>
<testsuite xmlns:xsi="http://www.w3.org/2001/XMLSchema-instance" xsi:noNamespaceSchemaLocation="https://maven.apache.org/surefire/maven-surefire-plugin/xsd/surefire-test-report-3.0.xsd" version="3.0" name="library.LibraryAppTest" time="0.029" tests="5" errors="4" skipped="0" failures="0">
  <properties>
[...]
</properties>
  <testcase name="invalidYearHandled" classname="library.LibraryAppTest" time="0.016">
    <system-out><![CDATA[Welcome to Library v1.2

1) Add book  2) List books  3) Borrow  4) Return  5) Find by author  6) Exit
> ISBN? Title? Author? Year? Invalid year, defaulting to 0
Book added successfully.

1) Add book  2) List books  3) Borrow  4) Return  5) Find by author  6) Exit
> Bye.
]]></system-out>
  </testcase>
  <testcase name="unknownMenuOption" classname="library.LibraryAppTest" time="0.003">
    <error message="No line found" type="java.util.NoSuchElementException"><![CDATA[java.util.NoSuchElementException: No line found
	at java.base/java.util.Scanner.nextLine(Scanner.java:1660)
	at library.LibraryApp.main(LibraryApp.java:20)
	at library.LibraryAppTest.runApp(LibraryAppTest.java:35)
	at library.LibraryAppTest.unknownMenuOption(LibraryAppTest.java:85)
	at java.base/java.lang.reflect.Method.invoke(Method.java:580)
	at java.base/java.util.ArrayList.forEach(ArrayList.java:1596)
	at java.base/java.util.ArrayList.forEach(ArrayList.java:1596)
]]></error>
    <system-out><![CDATA[Welcome to Library v1.2

1) Add book  2) List books  3) Borrow  4) Return  5) Find by author  6) Exit
> ]]></system-out>
  </testcase>
  <testcase name="addAndListBook" classname="library.LibraryAppTest" time="0.001">
    <error message="No line found" type="java.util.NoSuchElementException"><![CDATA[java.util.NoSuchElementException: No line found
	at java.base/java.util.Scanner.nextLine(Scanner.java:1660)
	at library.LibraryApp.main(LibraryApp.java:20)
	at library.LibraryAppTest.runApp(LibraryAppTest.java:35)
	at library.LibraryAppTest.addAndListBook(LibraryAppTest.java:40)
	at java.base/java.lang.reflect.Method.invoke(Method.java:580)
	at java.base/java.util.ArrayList.forEach(ArrayList.java:1596)
	at java.base/java.util.ArrayList.forEach(ArrayList.java:1596)
]]></error>
    <system-out><![CDATA[Welcome to Library v1.2

1) Add book  2) List books  3) Borrow  4) Return  5) Find by author  6) Exit
> ]]></system-out>
  </testcase>
  <testcase name="borrowUnknownBook" classname="library.LibraryAppTest" time="0.001">
    <error message="No line found" type="java.util.NoSuchElementException"><![CDATA[java.util.NoSuchElementException: No line found
	at java.base/java.util.Scanner.nextLine(Scanner.java:1660)
	at library.LibraryApp.main(LibraryApp.java:20)
	at library.LibraryAppTest.runApp(LibraryAppTest.java:35)
	at library.LibraryAppTest.borrowUnknownBook(LibraryAppTest.java:65)
	at java.base/java.lang.reflect.Method.invoke(Method.java:580)
	at java.base/java.util.ArrayList.forEach(ArrayList.java:1596)
	at java.base/java.util.ArrayList.forEach(ArrayList.java:1596)
]]></error>
    <system-out><![CDATA[Welcome to Library v1.2

1) Add book  2) List books  3) Borrow  4) Return  5) Find by author  6) Exit
> ]]></system-out>
  </testcase>
  <testcase name="borrowAndReturnBook" classname="library.LibraryAppTest" time="0.001">
    <error message="No line found" type="java.util.NoSuchElementException"><![CDATA[java.util.NoSuchElementException: No line found
	at java.base/java.util.Scanner.nextLine(Scanner.java:1660)
	at library.LibraryApp.main(LibraryApp.java:20)
	at library.LibraryAppTest.runApp(LibraryAppTest.java:35)
	at library.LibraryAppTest.borrowAndReturnBook(LibraryAppTest.java:54)
	at java.base/java.lang.reflect.Method.invoke(Method.java:580)
	at java.base/java.util.ArrayList.forEach(ArrayList.java:1596)
	at java.base/java.util.ArrayList.forEach(ArrayList.java:1596)
]]></error>
    <system-out><![CDATA[Welcome to Library v1.2

1) Add book  2) List books  3) Borrow  4) Return  5) Find by author  6) Exit
> ]]></system-out>
  </testcase>
</testsuite>